<?xml version="1.0" encoding="UTF-8"?>
<!-- Generated by org.testng.reporters.JUnitXMLReporter -->
<testsuite ignored="0" hostname="ISW-230323-1218" failures="0" tests="3" name="Sign In with phonenumber" time="48.961" errors="0" timestamp="06 Apr 2023 11:11:46 GMT">
  <testcase classname="com.rebirthQuickteller.TestCases.ValidateLoginWithPhoneNumber" name="Check1" time="14.864"/>
  <testcase classname="com.rebirthQuickteller.TestCases.ValidateLoginWithPhoneNumber" name="Check2" time="14.501"/>
  <testcase classname="com.rebirthQuickteller.TestCases.ValidateLoginWithPhoneNumber" name="SignInPhonenumber" time="13.546"/>
</testsuite> <!-- Sign In with phonenumber -->
