<?xml version="1.0" encoding="UTF-8"?>
<!-- Generated by org.testng.reporters.JUnitXMLReporter -->
<testsuite ignored="0" hostname="ISW-230323-1218" failures="0" tests="3" name="Validate Login with Email" time="55.805" errors="0" timestamp="06 Apr 2023 11:10:57 GMT">
  <testcase classname="com.rebirthQuickteller.TestCases.ValidateLoginWithEmail" name="check1" time="12.651"/>
  <testcase classname="com.rebirthQuickteller.TestCases.ValidateLoginWithEmail" name="check2" time="14.259"/>
  <testcase classname="com.rebirthQuickteller.TestCases.ValidateLoginWithEmail" name="SigninEmail" time="12.509"/>
</testsuite> <!-- Validate Login with Email -->
