<?xml version="1.0" encoding="UTF-8"?>
<testsuite xmlns:xsi="http://www.w3.org/2001/XMLSchema-instance" xsi:schemaLocation="https://maven.apache.org/surefire/maven-surefire-plugin/xsd/surefire-test-report.xsd" name="TestSuite" time="109.431" tests="6" errors="0" skipped="0" failures="0">
  <properties>
[...]
</properties>
  <testcase name="Check1" classname="com.rebirthQuickteller.TestCases.ValidateLoginWithPhoneNumber" time="15.071"/>
  <testcase name="Check2" classname="com.rebirthQuickteller.TestCases.ValidateLoginWithPhoneNumber" time="17.996"/>
  <testcase name="SignInPhonenumber" classname="com.rebirthQuickteller.TestCases.ValidateLoginWithPhoneNumber" time="13.597"/>
  <testcase name="check1" classname="com.rebirthQuickteller.TestCases.ValidateLoginWithEmail" time="12.888"/>
  <testcase name="check2" classname="com.rebirthQuickteller.TestCases.ValidateLoginWithEmail" time="13.692"/>
  <testcase name="SigninEmail" classname="com.rebirthQuickteller.TestCases.ValidateLoginWithEmail" time="12.509"/>
</testsuite>