<?xml version="1.0" encoding="UTF-8"?>
<testng-results ignored="0" total="61" passed="29" failed="17" skipped="15">
  <reporter-output>
    <line>
      <![CDATA[=====Chrome Browser Session Started=====]]>
    </line>
    <line>
      <![CDATA[Test to verify user can't sign up with already exist phoneNumber started !!!]]>
    </line>
    <line>
      <![CDATA[SignUp button clicked successfully]]>
    </line>
    <line>
      <![CDATA[Sign up with phonenumber button clicked successfully]]>
    </line>
    <line>
      <![CDATA[Search entered successfully]]>
    </line>
    <line>
      <![CDATA[Country code selected successfully]]>
    </line>
    <line>
      <![CDATA[phoneNumber entered successfully]]>
    </line>
    <line>
      <![CDATA[ClickTermConditionButton clicked successfully]]>
    </line>
    <line>
      <![CDATA[SignUp button clicked successfully]]>
    </line>
    <line>
      <![CDATA[Test to verify user can't signup using invalid phonenumber started !!!]]>
    </line>
    <line>
      <![CDATA[SignUp button clicked successfully]]>
    </line>
    <line>
      <![CDATA[Sign up with phonenumber button clicked successfully]]>
    </line>
    <line>
      <![CDATA[Search entered successfully]]>
    </line>
    <line>
      <![CDATA[Test to confirm user must provide password that Contain 1 Number started !!!]]>
    </line>
    <line>
      <![CDATA[SignUp button clicked successfully]]>
    </line>
    <line>
      <![CDATA[Sign up with phonenumber button clicked successfully]]>
    </line>
    <line>
      <![CDATA[Search entered successfully]]>
    </line>
    <line>
      <![CDATA[Country code selected successfully]]>
    </line>
    <line>
      <![CDATA[phoneNumber entered successfully]]>
    </line>
    <line>
      <![CDATA[ClickTermConditionButton clicked successfully]]>
    </line>
    <line>
      <![CDATA[SignUp button clicked successfully]]>
    </line>
    <line>
      <![CDATA[OTP entered successfully]]>
    </line>
    <line>
      <![CDATA[Passwordpage checked]]>
    </line>
    <line>
      <![CDATA[password entered successfully]]>
    </line>
    <line>
      <![CDATA[confirmPassword entered successfully]]>
    </line>
    <line>
      <![CDATA[Password Must Contain 1 Number Assertion successful]]>
    </line>
    <line>
      <![CDATA[Test to confirm user must provide password that Contain 1 Number completed !!!]]>
    </line>
    <line>
      <![CDATA[Test to confirm user must provide password that Contain LowerCaseLetter started !!!]]>
    </line>
    <line>
      <![CDATA[password entered successfully]]>
    </line>
    <line>
      <![CDATA[confirmPassword entered successfully]]>
    </line>
    <line>
      <![CDATA[Password Must Contain LowerCase Letter Assertion successful]]>
    </line>
    <line>
      <![CDATA[Test to confirm user must provide password that Contain LowerCaseLetter completed !!!]]>
    </line>
    <line>
      <![CDATA[Test to confirm user must provide password that Contain UpperCaseLetter started !!!]]>
    </line>
    <line>
      <![CDATA[password entered successfully]]>
    </line>
    <line>
      <![CDATA[confirmPassword entered successfully]]>
    </line>
    <line>
      <![CDATA[Password Must Contain UpperCase Letter Assertion successful]]>
    </line>
    <line>
      <![CDATA[Test to confirm user must provide password that Contain UpperCaseLetter completed !!!]]>
    </line>
    <line>
      <![CDATA[Test to confirm user must provide the same password and confirmPassword started !!!]]>
    </line>
    <line>
      <![CDATA[password entered successfully]]>
    </line>
    <line>
      <![CDATA[confirmPassword entered successfully]]>
    </line>
    <line>
      <![CDATA[Password must match Assertion successful]]>
    </line>
    <line>
      <![CDATA[Test to confirm user must provide the same password and confirmPassword completed !!!]]>
    </line>
    <line>
      <![CDATA[Test to confirm user must provide password that contains 1 Special Character started !!!]]>
    </line>
    <line>
      <![CDATA[password entered successfully]]>
    </line>
    <line>
      <![CDATA[confirmPassword entered successfully]]>
    </line>
    <line>
      <![CDATA[Password must match Assertion successful]]>
    </line>
    <line>
      <![CDATA[Test to confirm user must provide password that contains 1 Special Character completed !!!]]>
    </line>
    <line>
      <![CDATA[Test to confirm user must provide password that contains 8 Character started !!!]]>
    </line>
    <line>
      <![CDATA[password entered successfully]]>
    </line>
    <line>
      <![CDATA[confirmPassword entered successfully]]>
    </line>
    <line>
      <![CDATA[Password Must Contain 8 Character Assertion successful]]>
    </line>
    <line>
      <![CDATA[Test to confirm user must provide password that contains 8 Character completed !!!]]>
    </line>
    <line>
      <![CDATA[Test to confirm user must provide firstName to complete Onboarding Process started !!!]]>
    </line>
    <line>
      <![CDATA[SignUp button clicked successfully]]>
    </line>
    <line>
      <![CDATA[Sign up with phonenumber button clicked successfully]]>
    </line>
    <line>
      <![CDATA[Search entered successfully]]>
    </line>
    <line>
      <![CDATA[Country code selected successfully]]>
    </line>
    <line>
      <![CDATA[phoneNumber entered successfully]]>
    </line>
    <line>
      <![CDATA[ClickTermConditionButton clicked successfully]]>
    </line>
    <line>
      <![CDATA[SignUp button clicked successfully]]>
    </line>
    <line>
      <![CDATA[OTP entered successfully]]>
    </line>
    <line>
      <![CDATA[password entered successfully]]>
    </line>
    <line>
      <![CDATA[confirmPassword entered successfully]]>
    </line>
    <line>
      <![CDATA[Next button clicked successfully]]>
    </line>
    <line>
      <![CDATA[WelcometoQuickteller message asserted]]>
    </line>
    <line>
      <![CDATA[Get Started button clicked successfully]]>
    </line>
    <line>
      <![CDATA[LastName NAME entered successfully]]>
    </line>
    <line>
      <![CDATA[Gender selected successfully]]>
    </line>
    <line>
      <![CDATA[DateofBirth entered successfully]]>
    </line>
    <line>
      <![CDATA[quickTag NAME entered successfully]]>
    </line>
    <line>
      <![CDATA[RefferalName entered successfully]]>
    </line>
    <line>
      <![CDATA[Test to confirm user must provide firstName to complete Onboarding Process completed !!!]]>
    </line>
    <line>
      <![CDATA[Test to confirm user must provide lastName to complete Onboarding Process started !!!]]>
    </line>
    <line>
      <![CDATA[SignUp button clicked successfully]]>
    </line>
    <line>
      <![CDATA[Sign up with phonenumber button clicked successfully]]>
    </line>
    <line>
      <![CDATA[Search entered successfully]]>
    </line>
    <line>
      <![CDATA[Country code selected successfully]]>
    </line>
    <line>
      <![CDATA[phoneNumber entered successfully]]>
    </line>
    <line>
      <![CDATA[ClickTermConditionButton clicked successfully]]>
    </line>
    <line>
      <![CDATA[SignUp button clicked successfully]]>
    </line>
    <line>
      <![CDATA[OTP entered successfully]]>
    </line>
    <line>
      <![CDATA[password entered successfully]]>
    </line>
    <line>
      <![CDATA[confirmPassword entered successfully]]>
    </line>
    <line>
      <![CDATA[Next button clicked successfully]]>
    </line>
    <line>
      <![CDATA[WelcometoQuickteller message asserted]]>
    </line>
    <line>
      <![CDATA[Get Started button clicked successfully]]>
    </line>
    <line>
      <![CDATA[FirstName_NAME entered successfully]]>
    </line>
    <line>
      <![CDATA[Gender selected successfully]]>
    </line>
    <line>
      <![CDATA[DateofBirth entered successfully]]>
    </line>
    <line>
      <![CDATA[quickTag NAME entered successfully]]>
    </line>
    <line>
      <![CDATA[RefferalName entered successfully]]>
    </line>
    <line>
      <![CDATA[Test to confirm user must provide lastName to complete Onboarding Process completed !!!]]>
    </line>
    <line>
      <![CDATA[Test to confirm user must provide gender to complete Onboarding Process started !!!]]>
    </line>
    <line>
      <![CDATA[SignUp button clicked successfully]]>
    </line>
    <line>
      <![CDATA[Sign up with phonenumber button clicked successfully]]>
    </line>
    <line>
      <![CDATA[Search entered successfully]]>
    </line>
    <line>
      <![CDATA[Country code selected successfully]]>
    </line>
    <line>
      <![CDATA[phoneNumber entered successfully]]>
    </line>
    <line>
      <![CDATA[ClickTermConditionButton clicked successfully]]>
    </line>
    <line>
      <![CDATA[SignUp button clicked successfully]]>
    </line>
    <line>
      <![CDATA[OTP entered successfully]]>
    </line>
    <line>
      <![CDATA[password entered successfully]]>
    </line>
    <line>
      <![CDATA[confirmPassword entered successfully]]>
    </line>
    <line>
      <![CDATA[Next button clicked successfully]]>
    </line>
    <line>
      <![CDATA[WelcometoQuickteller message asserted]]>
    </line>
    <line>
      <![CDATA[Get Started button clicked successfully]]>
    </line>
    <line>
      <![CDATA[FirstName_NAME entered successfully]]>
    </line>
    <line>
      <![CDATA[LastName NAME entered successfully]]>
    </line>
    <line>
      <![CDATA[DateofBirth entered successfully]]>
    </line>
    <line>
      <![CDATA[quickTag NAME entered successfully]]>
    </line>
    <line>
      <![CDATA[RefferalName entered successfully]]>
    </line>
    <line>
      <![CDATA[Test to confirm user must provide gender to complete Onboarding Process completed !!!]]>
    </line>
    <line>
      <![CDATA[Test to confirm user must provide dateofbirth to complete Onboarding Process started !!!]]>
    </line>
    <line>
      <![CDATA[SignUp button clicked successfully]]>
    </line>
    <line>
      <![CDATA[Sign up with phonenumber button clicked successfully]]>
    </line>
    <line>
      <![CDATA[Search entered successfully]]>
    </line>
    <line>
      <![CDATA[Country code selected successfully]]>
    </line>
    <line>
      <![CDATA[phoneNumber entered successfully]]>
    </line>
    <line>
      <![CDATA[ClickTermConditionButton clicked successfully]]>
    </line>
    <line>
      <![CDATA[SignUp button clicked successfully]]>
    </line>
    <line>
      <![CDATA[OTP entered successfully]]>
    </line>
    <line>
      <![CDATA[password entered successfully]]>
    </line>
    <line>
      <![CDATA[confirmPassword entered successfully]]>
    </line>
    <line>
      <![CDATA[Next button clicked successfully]]>
    </line>
    <line>
      <![CDATA[WelcometoQuickteller message asserted]]>
    </line>
    <line>
      <![CDATA[Get Started button clicked successfully]]>
    </line>
    <line>
      <![CDATA[FirstName_NAME entered successfully]]>
    </line>
    <line>
      <![CDATA[LastName NAME entered successfully]]>
    </line>
    <line>
      <![CDATA[Gender selected successfully]]>
    </line>
    <line>
      <![CDATA[quickTag NAME entered successfully]]>
    </line>
    <line>
      <![CDATA[RefferalName entered successfully]]>
    </line>
    <line>
      <![CDATA[Test to confirm user must provide dateofbirth to complete Onboarding Process completed !!!]]>
    </line>
    <line>
      <![CDATA[Test to confirm user must provide match pin and confirm pin to complete Onboarding Process started !!!]]>
    </line>
    <line>
      <![CDATA[SignUp button clicked successfully]]>
    </line>
    <line>
      <![CDATA[Sign up with phonenumber button clicked successfully]]>
    </line>
    <line>
      <![CDATA[Search entered successfully]]>
    </line>
    <line>
      <![CDATA[Country code selected successfully]]>
    </line>
    <line>
      <![CDATA[phoneNumber entered successfully]]>
    </line>
    <line>
      <![CDATA[ClickTermConditionButton clicked successfully]]>
    </line>
    <line>
      <![CDATA[SignUp button clicked successfully]]>
    </line>
    <line>
      <![CDATA[OTP entered successfully]]>
    </line>
    <line>
      <![CDATA[password entered successfully]]>
    </line>
    <line>
      <![CDATA[confirmPassword entered successfully]]>
    </line>
    <line>
      <![CDATA[Next button clicked successfully]]>
    </line>
    <line>
      <![CDATA[WelcometoQuickteller message asserted]]>
    </line>
    <line>
      <![CDATA[Get Started button clicked successfully]]>
    </line>
    <line>
      <![CDATA[FirstName_NAME entered successfully]]>
    </line>
    <line>
      <![CDATA[LastName NAME entered successfully]]>
    </line>
    <line>
      <![CDATA[Gender selected successfully]]>
    </line>
    <line>
      <![CDATA[DateofBirth entered successfully]]>
    </line>
    <line>
      <![CDATA[quickTag NAME entered successfully]]>
    </line>
    <line>
      <![CDATA[RefferalName entered successfully]]>
    </line>
    <line>
      <![CDATA[Next button clicked successfully]]>
    </line>
    <line>
      <![CDATA[Pin entered successfully]]>
    </line>
    <line>
      <![CDATA[ConfirmPin entered successfully]]>
    </line>
    <line>
      <![CDATA[SavePin button clicked successfully]]>
    </line>
    <line>
      <![CDATA[Pin MisMatch error message Asserted]]>
    </line>
    <line>
      <![CDATA[Test to confirm user must provide match pin and confirm pin to complete Onboarding Process completed !!!]]>
    </line>
    <line>
      <![CDATA[Test to confirm user must provide pin and confirm pin that is not repetitive or sequential to complete Onboarding Process started !!!]]>
    </line>
    <line>
      <![CDATA[SignUp button clicked successfully]]>
    </line>
    <line>
      <![CDATA[Sign up with phonenumber button clicked successfully]]>
    </line>
    <line>
      <![CDATA[Search entered successfully]]>
    </line>
    <line>
      <![CDATA[Country code selected successfully]]>
    </line>
    <line>
      <![CDATA[phoneNumber entered successfully]]>
    </line>
    <line>
      <![CDATA[ClickTermConditionButton clicked successfully]]>
    </line>
    <line>
      <![CDATA[SignUp button clicked successfully]]>
    </line>
    <line>
      <![CDATA[OTP entered successfully]]>
    </line>
    <line>
      <![CDATA[password entered successfully]]>
    </line>
    <line>
      <![CDATA[confirmPassword entered successfully]]>
    </line>
    <line>
      <![CDATA[Next button clicked successfully]]>
    </line>
    <line>
      <![CDATA[WelcometoQuickteller message asserted]]>
    </line>
    <line>
      <![CDATA[Get Started button clicked successfully]]>
    </line>
    <line>
      <![CDATA[FirstName_NAME entered successfully]]>
    </line>
    <line>
      <![CDATA[LastName NAME entered successfully]]>
    </line>
    <line>
      <![CDATA[Gender selected successfully]]>
    </line>
    <line>
      <![CDATA[DateofBirth entered successfully]]>
    </line>
    <line>
      <![CDATA[RefferalName entered successfully]]>
    </line>
    <line>
      <![CDATA[Next button clicked successfully]]>
    </line>
    <line>
      <![CDATA[Pin entered successfully]]>
    </line>
    <line>
      <![CDATA[ConfirmPin entered successfully]]>
    </line>
    <line>
      <![CDATA[SavePin button clicked successfully]]>
    </line>
    <line>
      <![CDATA[Pin Repetitive/Sequential error message Asserted]]>
    </line>
    <line>
      <![CDATA[Test to confirm user must provide pin and confirm pin that is not repetitive or sequential to complete Onboarding Process completed !!!]]>
    </line>
    <line>
      <![CDATA[Test to verify user can signup with phonenumber using valid credentials started !!!]]>
    </line>
    <line>
      <![CDATA[SignUp button clicked successfully]]>
    </line>
    <line>
      <![CDATA[Sign up with phonenumber button clicked successfully]]>
    </line>
    <line>
      <![CDATA[Search entered successfully]]>
    </line>
    <line>
      <![CDATA[Country code selected successfully]]>
    </line>
    <line>
      <![CDATA[phoneNumber entered successfully]]>
    </line>
    <line>
      <![CDATA[ClickTermConditionButton clicked successfully]]>
    </line>
    <line>
      <![CDATA[SignUp button clicked successfully]]>
    </line>
    <line>
      <![CDATA[OTP entered successfully]]>
    </line>
    <line>
      <![CDATA[password entered successfully]]>
    </line>
    <line>
      <![CDATA[confirmPassword entered successfully]]>
    </line>
    <line>
      <![CDATA[Next button clicked successfully]]>
    </line>
    <line>
      <![CDATA[WelcometoQuickteller message asserted]]>
    </line>
    <line>
      <![CDATA[Get Started button clicked successfully]]>
    </line>
    <line>
      <![CDATA[FirstName_NAME entered successfully]]>
    </line>
    <line>
      <![CDATA[LastName NAME entered successfully]]>
    </line>
    <line>
      <![CDATA[Gender selected successfully]]>
    </line>
    <line>
      <![CDATA[DateofBirth entered successfully]]>
    </line>
    <line>
      <![CDATA[RefferalName entered successfully]]>
    </line>
    <line>
      <![CDATA[Next button clicked successfully]]>
    </line>
    <line>
      <![CDATA[Profile Update success message Asserted]]>
    </line>
    <line>
      <![CDATA[Pin entered successfully]]>
    </line>
    <line>
      <![CDATA[ConfirmPin entered successfully]]>
    </line>
    <line>
      <![CDATA[SavePin button clicked successfully]]>
    </line>
    <line>
      <![CDATA[Pin set success message Asserted]]>
    </line>
    <line>
      <![CDATA[Test to verify user can signup with phonenumber using valid credentials completed !!!]]>
    </line>
    <line>
      <![CDATA[=====Chrome Browser Session Started=====]]>
    </line>
    <line>
      <![CDATA[Test to verify user can't login with invalid email and a valid password fields started !!!]]>
    </line>
    <line>
      <![CDATA[emailAddress entered successfully]]>
    </line>
    <line>
      <![CDATA[Assertion of InvalidEmailInput successful]]>
    </line>
    <line>
      <![CDATA[Password entered successfully]]>
    </line>
    <line>
      <![CDATA[Test to verify user can't login with invalid email and a valid password fields completed !!!]]>
    </line>
    <line>
      <![CDATA[Test to verify user can't login with  UnregisteredEmail and a valid password fields started !!!]]>
    </line>
    <line>
      <![CDATA[emailAddress entered successfully]]>
    </line>
    <line>
      <![CDATA[Password entered successfully]]>
    </line>
    <line>
      <![CDATA[SignIn button clicked successfully]]>
    </line>
    <line>
      <![CDATA[Assertion of UnregisteredEmail successful]]>
    </line>
    <line>
      <![CDATA[Test to verify user can't login with  UnregisteredEmail and a valid password fields completed !!!]]>
    </line>
    <line>
      <![CDATA[Test to verify user can't login with empty email fields and valid password started !!!]]>
    </line>
    <line>
      <![CDATA[emailAddress entered successfully]]>
    </line>
    <line>
      <![CDATA[Password entered successfully]]>
    </line>
    <line>
      <![CDATA[Test to verify user can't login with empty email fields and valid password completed !!!]]>
    </line>
    <line>
      <![CDATA[Test to verify user can't login with empty pasword fields and valid email address started !!!]]>
    </line>
    <line>
      <![CDATA[emailAddress entered successfully]]>
    </line>
    <line>
      <![CDATA[Password entered successfully]]>
    </line>
    <line>
      <![CDATA[Test to verify user can't login with empty pasword fields and valid email address completed !!!]]>
    </line>
    <line>
      <![CDATA[Test to verify user can't login with  valid email and a wrong password fields started !!!]]>
    </line>
    <line>
      <![CDATA[emailAddress entered successfully]]>
    </line>
    <line>
      <![CDATA[Password entered successfully]]>
    </line>
    <line>
      <![CDATA[SignIn button clicked successfully]]>
    </line>
    <line>
      <![CDATA[Assertion of Invalid Password successful]]>
    </line>
    <line>
      <![CDATA[Test to verify user can't login with  valid email and a wrong password fields completed !!!]]>
    </line>
    <line>
      <![CDATA[Test to perform login with valid email and password started !!!]]>
    </line>
    <line>
      <![CDATA[emailAddress entered successfully]]>
    </line>
    <line>
      <![CDATA[Password entered successfully]]>
    </line>
    <line>
      <![CDATA[SignIn button clicked successfully]]>
    </line>
    <line>
      <![CDATA[Logout successfully]]>
    </line>
    <line>
      <![CDATA[Test to perform login with valid email and password completed !!!]]>
    </line>
    <line>
      <![CDATA[Test to perform valid login with rememberMe started !!!]]>
    </line>
    <line>
      <![CDATA[emailAddress entered successfully]]>
    </line>
    <line>
      <![CDATA[Password entered successfully]]>
    </line>
    <line>
      <![CDATA[SignIn button clicked successfully]]>
    </line>
    <line>
      <![CDATA[Logout successfully]]>
    </line>
    <line>
      <![CDATA[Password entered successfully]]>
    </line>
    <line>
      <![CDATA[SignIn button clicked successfully]]>
    </line>
    <line>
      <![CDATA[Logout successfully]]>
    </line>
    <line>
      <![CDATA[Test to perform valid email login with rememberMe completed !!!]]>
    </line>
    <line>
      <![CDATA[Test to verify user can't login with invalid phoneNumber fields started !!!]]>
    </line>
    <line>
      <![CDATA[Sign In with PhoneNumber button clicked successfully]]>
    </line>
    <line>
      <![CDATA[phoneNumber entered successfully]]>
    </line>
    <line>
      <![CDATA[Assertion of InvalidphoneNumberInput successful]]>
    </line>
    <line>
      <![CDATA[Test to verify user can't login with invalid phoneNumber fields fields completed !!!]]>
    </line>
    <line>
      <![CDATA[Test to verify user can't login with  UnregisteredPhoneNumber and a valid password fields started !!!]]>
    </line>
    <line>
      <![CDATA[phoneNumber entered successfully]]>
    </line>
    <line>
      <![CDATA[Password entered successfully]]>
    </line>
    <line>
      <![CDATA[SignIn button clicked successfully]]>
    </line>
    <line>
      <![CDATA[Assertion of UnregisteredPhoneNumber successful]]>
    </line>
    <line>
      <![CDATA[Test to verify user can't login with  UnregisteredPhoneNumber and a valid password fields completed !!!]]>
    </line>
    <line>
      <![CDATA[Test to verify user can't login with empty phoneNumber fields and valid password started !!!]]>
    </line>
    <line>
      <![CDATA[phoneNumber entered successfully]]>
    </line>
    <line>
      <![CDATA[Password entered successfully]]>
    </line>
    <line>
      <![CDATA[Test to verify user can't login with empty phoneNumber fields and valid password completed !!!]]>
    </line>
    <line>
      <![CDATA[Test to verify user can't login with empty pasword fields and valid phoneNumber started !!!]]>
    </line>
    <line>
      <![CDATA[phoneNumber entered successfully]]>
    </line>
    <line>
      <![CDATA[Password entered successfully]]>
    </line>
    <line>
      <![CDATA[Test to verify user can't login with empty pasword fields and valid phoneNumber completed !!!]]>
    </line>
    <line>
      <![CDATA[Test to verify user can't login with valid phoneNumber and a wrong password fields started !!!]]>
    </line>
    <line>
      <![CDATA[phoneNumber entered successfully]]>
    </line>
    <line>
      <![CDATA[Password entered successfully]]>
    </line>
    <line>
      <![CDATA[SignIn button clicked successfully]]>
    </line>
    <line>
      <![CDATA[Assertion of Invalid Password successful]]>
    </line>
    <line>
      <![CDATA[Test to verify user can't login with valid phoneNumber and a wrong password fields completed !!!]]>
    </line>
    <line>
      <![CDATA[Test to perform phoneNumber login with valid credentials started !!!]]>
    </line>
    <line>
      <![CDATA[phoneNumber entered successfully]]>
    </line>
    <line>
      <![CDATA[Password entered successfully]]>
    </line>
    <line>
      <![CDATA[SignIn button clicked successfully]]>
    </line>
    <line>
      <![CDATA[Logout successfully]]>
    </line>
    <line>
      <![CDATA[Test to perform phoneNumber login with valid credentials completed !!!]]>
    </line>
    <line>
      <![CDATA[Test to perform valid phoneNumber login with rememberMe started !!!]]>
    </line>
    <line>
      <![CDATA[Sign In with PhoneNumber button clicked successfully]]>
    </line>
    <line>
      <![CDATA[phoneNumber entered successfully]]>
    </line>
    <line>
      <![CDATA[Password entered successfully]]>
    </line>
    <line>
      <![CDATA[SignIn button clicked successfully]]>
    </line>
    <line>
      <![CDATA[Logout successfully]]>
    </line>
    <line>
      <![CDATA[Sign In with PhoneNumber button clicked successfully]]>
    </line>
    <line>
      <![CDATA[Password entered successfully]]>
    </line>
    <line>
      <![CDATA[SignIn button clicked successfully]]>
    </line>
    <line>
      <![CDATA[Logout successfully]]>
    </line>
    <line>
      <![CDATA[Test to perform valid PhoneNumberlogin with rememberMe completed !!!]]>
    </line>
    <line>
      <![CDATA[=====Chrome Browser Session Started=====]]>
    </line>
    <line>
      <![CDATA[Test to verify user can update occupation started !!!]]>
    </line>
    <line>
      <![CDATA[Sign In with PhoneNumber button clicked successfully]]>
    </line>
    <line>
      <![CDATA[phoneNumber entered successfully]]>
    </line>
    <line>
      <![CDATA[Password entered successfully]]>
    </line>
    <line>
      <![CDATA[SignIn button clicked successfully]]>
    </line>
    <line>
      <![CDATA[Account & Settings button clicked]]>
    </line>
    <line>
      <![CDATA[ProfiledetailsDropdown button clicked]]>
    </line>
    <line>
      <![CDATA[Edit button clicked]]>
    </line>
    <line>
      <![CDATA[occupation entered successfully]]>
    </line>
    <line>
      <![CDATA[Save button clicked]]>
    </line>
    <line>
      <![CDATA[Test to verify user can update address started !!!]]>
    </line>
    <line>
      <![CDATA[Sign In with PhoneNumber button clicked successfully]]>
    </line>
    <line>
      <![CDATA[phoneNumber entered successfully]]>
    </line>
    <line>
      <![CDATA[Password entered successfully]]>
    </line>
    <line>
      <![CDATA[SignIn button clicked successfully]]>
    </line>
    <line>
      <![CDATA[Account & Settings button clicked]]>
    </line>
    <line>
      <![CDATA[AddressDropdown button clicked]]>
    </line>
    <line>
      <![CDATA[Edit button clicked]]>
    </line>
    <line>
      <![CDATA[state dropdown clicked]]>
    </line>
    <line>
      <![CDATA[random state selected]]>
    </line>
    <line>
      <![CDATA[LGA dropdown clicked]]>
    </line>
    <line>
      <![CDATA[random LGA selected]]>
    </line>
    <line>
      <![CDATA[address entered successfully]]>
    </line>
    <line>
      <![CDATA[city entered successfully]]>
    </line>
    <line>
      <![CDATA[Save button clicked]]>
    </line>
    <line>
      <![CDATA[Address updated successfully]]>
    </line>
    <line>
      <![CDATA[Test to verify user can update address completed !!!]]>
    </line>
    <line>
      <![CDATA[=====Chrome Browser Session Started=====]]>
    </line>
    <line>
      <![CDATA[Test to perform transfer with QTAccount started !!!]]>
    </line>
    <line>
      <![CDATA[emailAddress entered successfully]]>
    </line>
    <line>
      <![CDATA[Password entered successfully]]>
    </line>
    <line>
      <![CDATA[SignIn button clicked successfully]]>
    </line>
    <line>
      <![CDATA[SendtoBankAccount Clicked Successfully]]>
    </line>
    <line>
      <![CDATA[Account Number entered successfully]]>
    </line>
    <line>
      <![CDATA[Search entered successfully]]>
    </line>
    <line>
      <![CDATA[Test to perform transfer with QTAccount Using Invalid Pin started !!!]]>
    </line>
    <line>
      <![CDATA[emailAddress entered successfully]]>
    </line>
    <line>
      <![CDATA[Password entered successfully]]>
    </line>
    <line>
      <![CDATA[SignIn button clicked successfully]]>
    </line>
    <line>
      <![CDATA[SendtoBankAccount Clicked Successfully]]>
    </line>
    <line>
      <![CDATA[Account Number entered successfully]]>
    </line>
    <line>
      <![CDATA[Search entered successfully]]>
    </line>
    <line>
      <![CDATA[Test to perform Fund QTAccount with Ecash started !!!]]>
    </line>
    <line>
      <![CDATA[emailAddress entered successfully]]>
    </line>
    <line>
      <![CDATA[Password entered successfully]]>
    </line>
    <line>
      <![CDATA[SignIn button clicked successfully]]>
    </line>
    <line>
      <![CDATA[Add Money Button Clicked Successfully]]>
    </line>
    <line>
      <![CDATA[Amount Entered]]>
    </line>
    <line>
      <![CDATA[Pay Button Clicked Successfully]]>
    </line>
    <line>
      <![CDATA[PaywithEcash Clicked Successfully]]>
    </line>
    <line>
      <![CDATA[Successful FundTransfer Asserted successfully]]>
    </line>
    <line>
      <![CDATA[Receipt Viewed Successfully]]>
    </line>
    <line>
      <![CDATA[Test to perform Fund QTAccount with Ecash completed !!!]]>
    </line>
    <line>
      <![CDATA[Test to validate user cannot perform Fund QtAccount with amount below #50 started !!!]]>
    </line>
    <line>
      <![CDATA[Test to validate user can not perform transfer with insuffient QT account balance started !!!]]>
    </line>
    <line>
      <![CDATA[Test to validate user can not perform transfer with amount below #50 started !!!]]>
    </line>
    <line>
      <![CDATA[Test to perform Fund QTAccount with Card started !!!]]>
    </line>
    <line>
      <![CDATA[Test to perform transfer with card started !!!]]>
    </line>
    <line>
      <![CDATA[Test to validate user can not transfer using valid QtAccount with different bank name started !!!]]>
    </line>
    <line>
      <![CDATA[Test to validate user can not transfer using Invalid QtAccountNumber started !!!]]>
    </line>
    <line>
      <![CDATA[Test to perform transfer with QtAccount to GTBAccount started !!!]]>
    </line>
    <line>
      <![CDATA[Test to validate user can not transfer using valid GTBAccount with different bank name started !!!]]>
    </line>
    <line>
      <![CDATA[Test to validate user can not transfer using Invalid GTBAccountNumber started !!!]]>
    </line>
    <line>
      <![CDATA[Test to perform transfer to another QtAccount using Quicktag started !!!]]>
    </line>
    <line>
      <![CDATA[Test to perform transfer to another QtAccount using phonenumber started !!!]]>
    </line>
    <line>
      <![CDATA[=====Chrome Browser Session Started=====]]>
    </line>
    <line>
      <![CDATA[=====Chrome Browser Session Started=====]]>
    </line>
  </reporter-output>
  <suite started-at="2023-12-06T10:43:20Z" name="rebirthQuicktellerSuite" finished-at="2023-12-06T10:57:39Z" duration-ms="859105">
    <groups>
    </groups>
    <test started-at="2023-12-06T10:43:20Z" name="SignUp" finished-at="2023-12-06T10:50:30Z" duration-ms="430069">
      <class name="com.rebirthQuickteller.TestCases.SignUp">
        <test-method is-config="true" signature="setUp()[pri:0, instance:com.rebirthQuickteller.TestCases.SignUp@39fcbef6]" started-at="2023-12-06T10:43:20Z" name="setUp" finished-at="2023-12-06T10:43:53Z" duration-ms="32574" status="PASS">
          <reporter-output>
            <line>
              <![CDATA[=====Chrome Browser Session Started=====]]>
            </line>
          </reporter-output>
        </test-method> <!-- setUp -->
        <test-method signature="AlreadyExistPhonenumberSignUp()[pri:1, instance:com.rebirthQuickteller.TestCases.SignUp@39fcbef6]" started-at="2023-12-06T10:43:53Z" name="AlreadyExistPhonenumberSignUp" description="This test case will verify user can&#039;t sign up with already exist phoneNumber" finished-at="2023-12-06T10:44:37Z" duration-ms="44512" status="FAIL">
          <exception class="org.openqa.selenium.TimeoutException">
            <message>
              <![CDATA[Expected condition failed: waiting for visibility of element located by By.xpath: //p[contains(.,'Account already exists')] (tried for 30 second(s) with 500 milliseconds interval)]]>
            </message>
            <full-stacktrace>
              <![CDATA[org.openqa.selenium.TimeoutException: Expected condition failed: waiting for visibility of element located by By.xpath: //p[contains(.,'Account already exists')] (tried for 30 second(s) with 500 milliseconds interval)
at org.openqa.selenium.support.ui.WebDriverWait.timeoutException(WebDriverWait.java:95)
at org.openqa.selenium.support.ui.FluentWait.until(FluentWait.java:272)
at pages.SignUpPageObjects.AlreadyExistphonenumberAssertion(SignUpPageObjects.java:251)
at com.rebirthQuickteller.TestCases.SignUp.AlreadyExistPhonenumberSignUp(SignUp.java:33)
at java.base/jdk.internal.reflect.NativeMethodAccessorImpl.invoke0(Native Method)
at java.base/jdk.internal.reflect.NativeMethodAccessorImpl.invoke(NativeMethodAccessorImpl.java:77)
at java.base/jdk.internal.reflect.DelegatingMethodAccessorImpl.invoke(DelegatingMethodAccessorImpl.java:43)
at java.base/java.lang.reflect.Method.invoke(Method.java:568)
at org.testng.internal.MethodInvocationHelper.invokeMethod(MethodInvocationHelper.java:124)
at org.testng.internal.Invoker.invokeMethod(Invoker.java:583)
at org.testng.internal.Invoker.invokeTestMethod(Invoker.java:719)
at org.testng.internal.Invoker.invokeTestMethods(Invoker.java:989)
at org.testng.internal.TestMethodWorker.invokeTestMethods(TestMethodWorker.java:125)
at org.testng.internal.TestMethodWorker.run(TestMethodWorker.java:109)
at org.testng.TestRunner.privateRun(TestRunner.java:648)
at org.testng.TestRunner.run(TestRunner.java:505)
at org.testng.SuiteRunner.runTest(SuiteRunner.java:455)
at org.testng.SuiteRunner.runSequentially(SuiteRunner.java:450)
at org.testng.SuiteRunner.privateRun(SuiteRunner.java:415)
at org.testng.SuiteRunner.run(SuiteRunner.java:364)
at org.testng.SuiteRunnerWorker.runSuite(SuiteRunnerWorker.java:52)
at org.testng.SuiteRunnerWorker.run(SuiteRunnerWorker.java:84)
at org.testng.TestNG.runSuitesSequentially(TestNG.java:1208)
at org.testng.TestNG.runSuitesLocally(TestNG.java:1137)
at org.testng.TestNG.runSuites(TestNG.java:1049)
at org.testng.TestNG.run(TestNG.java:1017)
at org.apache.maven.surefire.testng.TestNGExecutor.run(TestNGExecutor.java:281)
at org.apache.maven.surefire.testng.TestNGXmlTestSuite.execute(TestNGXmlTestSuite.java:75)
at org.apache.maven.surefire.testng.TestNGProvider.invoke(TestNGProvider.java:121)
at org.apache.maven.surefire.booter.ForkedBooter.invokeProviderInSameClassLoader(ForkedBooter.java:290)
at org.apache.maven.surefire.booter.ForkedBooter.runSuitesInProcess(ForkedBooter.java:242)
at org.apache.maven.surefire.booter.ForkedBooter.main(ForkedBooter.java:121)
Caused by: org.openqa.selenium.NoSuchElementException: no such element: Unable to locate element: {"method":"xpath","selector":"//p[contains(.,'Account already exists')]"}
  (Session info: chrome=119.0.6045.160)
For documentation on this error, please visit: https://www.seleniumhq.org/exceptions/no_such_element.html
Build info: version: '3.141.59', revision: 'e82be7d358', time: '2018-11-14T08:17:03'
System info: host: 'ISW-230323-1218', ip: '192.168.1.48', os.name: 'Windows 10', os.arch: 'amd64', os.version: '10.0', java.version: '17.0.6'
Driver info: org.openqa.selenium.chrome.ChromeDriver
Capabilities {acceptInsecureCerts: false, browserName: chrome, browserVersion: 119.0.6045.160, chrome: {chromedriverVersion: 119.0.6045.105 (38c72552c5e..., userDataDir: C:\Users\ADEMOL~1.OYE\AppDa...}, fedcm:accounts: true, goog:chromeOptions: {debuggerAddress: localhost:63455}, javascriptEnabled: true, networkConnectionEnabled: false, pageLoadStrategy: normal, platform: WINDOWS, platformName: WINDOWS, proxy: Proxy(), setWindowRect: true, strictFileInteractability: false, timeouts: {implicit: 0, pageLoad: 300000, script: 30000}, unhandledPromptBehavior: dismiss and notify, webauthn:extension:credBlob: true, webauthn:extension:largeBlob: true, webauthn:extension:minPinLength: true, webauthn:extension:prf: true, webauthn:virtualAuthenticators: true}
Session ID: 22b641c00547450cf801ecd520d64042
*** Element info: {Using=xpath, value=//p[contains(.,'Account already exists')]}
at java.base/jdk.internal.reflect.NativeConstructorAccessorImpl.newInstance0(Native Method)
at java.base/jdk.internal.reflect.NativeConstructorAccessorImpl.newInstance(NativeConstructorAccessorImpl.java:77)
at java.base/jdk.internal.reflect.DelegatingConstructorAccessorImpl.newInstance(DelegatingConstructorAccessorImpl.java:45)
at java.base/java.lang.reflect.Constructor.newInstanceWithCaller(Constructor.java:499)
at java.base/java.lang.reflect.Constructor.newInstance(Constructor.java:480)
at org.openqa.selenium.remote.http.W3CHttpResponseCodec.createException(W3CHttpResponseCodec.java:187)
at org.openqa.selenium.remote.http.W3CHttpResponseCodec.decode(W3CHttpResponseCodec.java:122)
at org.openqa.selenium.remote.http.W3CHttpResponseCodec.decode(W3CHttpResponseCodec.java:49)
at org.openqa.selenium.remote.HttpCommandExecutor.execute(HttpCommandExecutor.java:158)
at org.openqa.selenium.remote.service.DriverCommandExecutor.execute(DriverCommandExecutor.java:83)
at org.openqa.selenium.remote.RemoteWebDriver.execute(RemoteWebDriver.java:552)
at org.openqa.selenium.remote.RemoteWebDriver.findElement(RemoteWebDriver.java:323)
at org.openqa.selenium.remote.RemoteWebDriver.findElementByXPath(RemoteWebDriver.java:428)
at org.openqa.selenium.By$ByXPath.findElement(By.java:353)
at org.openqa.selenium.remote.RemoteWebDriver.findElement(RemoteWebDriver.java:315)
at org.openqa.selenium.support.ui.ExpectedConditions$7.apply(ExpectedConditions.java:205)
at org.openqa.selenium.support.ui.ExpectedConditions$7.apply(ExpectedConditions.java:201)
at org.openqa.selenium.support.ui.FluentWait.until(FluentWait.java:249)
... 30 more
]]>
            </full-stacktrace>
          </exception> <!-- org.openqa.selenium.TimeoutException -->
          <reporter-output>
            <line>
              <![CDATA[Test to verify user can't sign up with already exist phoneNumber started !!!]]>
            </line>
            <line>
              <![CDATA[SignUp button clicked successfully]]>
            </line>
            <line>
              <![CDATA[Sign up with phonenumber button clicked successfully]]>
            </line>
            <line>
              <![CDATA[Search entered successfully]]>
            </line>
            <line>
              <![CDATA[Country code selected successfully]]>
            </line>
            <line>
              <![CDATA[phoneNumber entered successfully]]>
            </line>
            <line>
              <![CDATA[ClickTermConditionButton clicked successfully]]>
            </line>
            <line>
              <![CDATA[SignUp button clicked successfully]]>
            </line>
          </reporter-output>
        </test-method> <!-- AlreadyExistPhonenumberSignUp -->
        <test-method signature="InvalidPhonenumberSignUp()[pri:2, instance:com.rebirthQuickteller.TestCases.SignUp@39fcbef6]" started-at="2023-12-06T10:44:37Z" name="InvalidPhonenumberSignUp" description="This test case will check user can&#039;t signup using invalid phonenumber " finished-at="2023-12-06T10:45:47Z" duration-ms="69938" status="FAIL">
          <exception class="org.openqa.selenium.NoSuchElementException">
            <message>
              <![CDATA[no such element: Unable to locate element: {"method":"css selector","selector":".item > div"}
  (Session info: chrome=119.0.6045.160)
For documentation on this error, please visit: https://www.seleniumhq.org/exceptions/no_such_element.html
Build info: version: '3.141.59', revision: 'e82be7d358', time: '2018-11-14T08:17:03'
System info: host: 'ISW-230323-1218', ip: '192.168.1.48', os.name: 'Windows 10', os.arch: 'amd64', os.version: '10.0', java.version: '17.0.6'
Driver info: org.openqa.selenium.chrome.ChromeDriver
Capabilities {acceptInsecureCerts: false, browserName: chrome, browserVersion: 119.0.6045.160, chrome: {chromedriverVersion: 119.0.6045.105 (38c72552c5e..., userDataDir: C:\Users\ADEMOL~1.OYE\AppDa...}, fedcm:accounts: true, goog:chromeOptions: {debuggerAddress: localhost:63455}, javascriptEnabled: true, networkConnectionEnabled: false, pageLoadStrategy: normal, platform: WINDOWS, platformName: WINDOWS, proxy: Proxy(), setWindowRect: true, strictFileInteractability: false, timeouts: {implicit: 0, pageLoad: 300000, script: 30000}, unhandledPromptBehavior: dismiss and notify, webauthn:extension:credBlob: true, webauthn:extension:largeBlob: true, webauthn:extension:minPinLength: true, webauthn:extension:prf: true, webauthn:virtualAuthenticators: true}
Session ID: 22b641c00547450cf801ecd520d64042
*** Element info: {Using=css selector, value=.item > div}]]>
            </message>
            <full-stacktrace>
              <![CDATA[org.openqa.selenium.NoSuchElementException: no such element: Unable to locate element: {"method":"css selector","selector":".item > div"}
  (Session info: chrome=119.0.6045.160)
For documentation on this error, please visit: https://www.seleniumhq.org/exceptions/no_such_element.html
Build info: version: '3.141.59', revision: 'e82be7d358', time: '2018-11-14T08:17:03'
System info: host: 'ISW-230323-1218', ip: '192.168.1.48', os.name: 'Windows 10', os.arch: 'amd64', os.version: '10.0', java.version: '17.0.6'
Driver info: org.openqa.selenium.chrome.ChromeDriver
Capabilities {acceptInsecureCerts: false, browserName: chrome, browserVersion: 119.0.6045.160, chrome: {chromedriverVersion: 119.0.6045.105 (38c72552c5e..., userDataDir: C:\Users\ADEMOL~1.OYE\AppDa...}, fedcm:accounts: true, goog:chromeOptions: {debuggerAddress: localhost:63455}, javascriptEnabled: true, networkConnectionEnabled: false, pageLoadStrategy: normal, platform: WINDOWS, platformName: WINDOWS, proxy: Proxy(), setWindowRect: true, strictFileInteractability: false, timeouts: {implicit: 0, pageLoad: 300000, script: 30000}, unhandledPromptBehavior: dismiss and notify, webauthn:extension:credBlob: true, webauthn:extension:largeBlob: true, webauthn:extension:minPinLength: true, webauthn:extension:prf: true, webauthn:virtualAuthenticators: true}
Session ID: 22b641c00547450cf801ecd520d64042
*** Element info: {Using=css selector, value=.item > div}
at java.base/jdk.internal.reflect.NativeConstructorAccessorImpl.newInstance0(Native Method)
at java.base/jdk.internal.reflect.NativeConstructorAccessorImpl.newInstance(NativeConstructorAccessorImpl.java:77)
at java.base/jdk.internal.reflect.DelegatingConstructorAccessorImpl.newInstance(DelegatingConstructorAccessorImpl.java:45)
at java.base/java.lang.reflect.Constructor.newInstanceWithCaller(Constructor.java:499)
at java.base/java.lang.reflect.Constructor.newInstance(Constructor.java:480)
at org.openqa.selenium.remote.http.W3CHttpResponseCodec.createException(W3CHttpResponseCodec.java:187)
at org.openqa.selenium.remote.http.W3CHttpResponseCodec.decode(W3CHttpResponseCodec.java:122)
at org.openqa.selenium.remote.http.W3CHttpResponseCodec.decode(W3CHttpResponseCodec.java:49)
at org.openqa.selenium.remote.HttpCommandExecutor.execute(HttpCommandExecutor.java:158)
at org.openqa.selenium.remote.service.DriverCommandExecutor.execute(DriverCommandExecutor.java:83)
at org.openqa.selenium.remote.RemoteWebDriver.execute(RemoteWebDriver.java:552)
at org.openqa.selenium.remote.RemoteWebDriver.findElement(RemoteWebDriver.java:323)
at org.openqa.selenium.remote.RemoteWebDriver.findElementByCssSelector(RemoteWebDriver.java:420)
at org.openqa.selenium.By$ByCssSelector.findElement(By.java:431)
at org.openqa.selenium.remote.RemoteWebDriver.findElement(RemoteWebDriver.java:315)
at com.rebirthQuickteller.base.TestBase.chooseElement(TestBase.java:131)
at pages.SignUpPageObjects.SelectSearchedCountryCode(SignUpPageObjects.java:432)
at com.rebirthQuickteller.TestCases.SignUp.InvalidPhonenumberSignUp(SignUp.java:46)
at java.base/jdk.internal.reflect.NativeMethodAccessorImpl.invoke0(Native Method)
at java.base/jdk.internal.reflect.NativeMethodAccessorImpl.invoke(NativeMethodAccessorImpl.java:77)
at java.base/jdk.internal.reflect.DelegatingMethodAccessorImpl.invoke(DelegatingMethodAccessorImpl.java:43)
at java.base/java.lang.reflect.Method.invoke(Method.java:568)
at org.testng.internal.MethodInvocationHelper.invokeMethod(MethodInvocationHelper.java:124)
at org.testng.internal.Invoker.invokeMethod(Invoker.java:583)
at org.testng.internal.Invoker.invokeTestMethod(Invoker.java:719)
at org.testng.internal.Invoker.invokeTestMethods(Invoker.java:989)
at org.testng.internal.TestMethodWorker.invokeTestMethods(TestMethodWorker.java:125)
at org.testng.internal.TestMethodWorker.run(TestMethodWorker.java:109)
at org.testng.TestRunner.privateRun(TestRunner.java:648)
at org.testng.TestRunner.run(TestRunner.java:505)
at org.testng.SuiteRunner.runTest(SuiteRunner.java:455)
at org.testng.SuiteRunner.runSequentially(SuiteRunner.java:450)
at org.testng.SuiteRunner.privateRun(SuiteRunner.java:415)
at org.testng.SuiteRunner.run(SuiteRunner.java:364)
at org.testng.SuiteRunnerWorker.runSuite(SuiteRunnerWorker.java:52)
at org.testng.SuiteRunnerWorker.run(SuiteRunnerWorker.java:84)
at org.testng.TestNG.runSuitesSequentially(TestNG.java:1208)
at org.testng.TestNG.runSuitesLocally(TestNG.java:1137)
at org.testng.TestNG.runSuites(TestNG.java:1049)
at org.testng.TestNG.run(TestNG.java:1017)
at org.apache.maven.surefire.testng.TestNGExecutor.run(TestNGExecutor.java:281)
at org.apache.maven.surefire.testng.TestNGXmlTestSuite.execute(TestNGXmlTestSuite.java:75)
at org.apache.maven.surefire.testng.TestNGProvider.invoke(TestNGProvider.java:121)
at org.apache.maven.surefire.booter.ForkedBooter.invokeProviderInSameClassLoader(ForkedBooter.java:290)
at org.apache.maven.surefire.booter.ForkedBooter.runSuitesInProcess(ForkedBooter.java:242)
at org.apache.maven.surefire.booter.ForkedBooter.main(ForkedBooter.java:121)
]]>
            </full-stacktrace>
          </exception> <!-- org.openqa.selenium.NoSuchElementException -->
          <reporter-output>
            <line>
              <![CDATA[Test to verify user can't signup using invalid phonenumber started !!!]]>
            </line>
            <line>
              <![CDATA[SignUp button clicked successfully]]>
            </line>
            <line>
              <![CDATA[Sign up with phonenumber button clicked successfully]]>
            </line>
            <line>
              <![CDATA[Search entered successfully]]>
            </line>
          </reporter-output>
        </test-method> <!-- InvalidPhonenumberSignUp -->
        <test-method signature="InvalidPasswordCheck1()[pri:4, instance:com.rebirthQuickteller.TestCases.SignUp@39fcbef6]" started-at="2023-12-06T10:45:47Z" name="InvalidPasswordCheck1" description="This test case will check user must provide password that Contain 1 Number" finished-at="2023-12-06T10:46:01Z" duration-ms="14064" status="PASS">
          <reporter-output>
            <line>
              <![CDATA[Test to confirm user must provide password that Contain 1 Number started !!!]]>
            </line>
            <line>
              <![CDATA[SignUp button clicked successfully]]>
            </line>
            <line>
              <![CDATA[Sign up with phonenumber button clicked successfully]]>
            </line>
            <line>
              <![CDATA[Search entered successfully]]>
            </line>
            <line>
              <![CDATA[Country code selected successfully]]>
            </line>
            <line>
              <![CDATA[phoneNumber entered successfully]]>
            </line>
            <line>
              <![CDATA[ClickTermConditionButton clicked successfully]]>
            </line>
            <line>
              <![CDATA[SignUp button clicked successfully]]>
            </line>
            <line>
              <![CDATA[OTP entered successfully]]>
            </line>
            <line>
              <![CDATA[Passwordpage checked]]>
            </line>
            <line>
              <![CDATA[password entered successfully]]>
            </line>
            <line>
              <![CDATA[confirmPassword entered successfully]]>
            </line>
            <line>
              <![CDATA[Password Must Contain 1 Number Assertion successful]]>
            </line>
            <line>
              <![CDATA[Test to confirm user must provide password that Contain 1 Number completed !!!]]>
            </line>
          </reporter-output>
        </test-method> <!-- InvalidPasswordCheck1 -->
        <test-method signature="InvalidPasswordCheck2()[pri:5, instance:com.rebirthQuickteller.TestCases.SignUp@39fcbef6]" started-at="2023-12-06T10:46:01Z" name="InvalidPasswordCheck2" description="This test case will check user must provide password that Contain LowerCaseLetter" finished-at="2023-12-06T10:46:02Z" duration-ms="811" status="PASS">
          <reporter-output>
            <line>
              <![CDATA[Test to confirm user must provide password that Contain LowerCaseLetter started !!!]]>
            </line>
            <line>
              <![CDATA[password entered successfully]]>
            </line>
            <line>
              <![CDATA[confirmPassword entered successfully]]>
            </line>
            <line>
              <![CDATA[Password Must Contain LowerCase Letter Assertion successful]]>
            </line>
            <line>
              <![CDATA[Test to confirm user must provide password that Contain LowerCaseLetter completed !!!]]>
            </line>
          </reporter-output>
        </test-method> <!-- InvalidPasswordCheck2 -->
        <test-method signature="InvalidPasswordCheck3()[pri:6, instance:com.rebirthQuickteller.TestCases.SignUp@39fcbef6]" started-at="2023-12-06T10:46:02Z" name="InvalidPasswordCheck3" description="This test case will check user must provide password that Contain UpperCaseLetter" finished-at="2023-12-06T10:46:03Z" duration-ms="887" status="PASS">
          <reporter-output>
            <line>
              <![CDATA[Test to confirm user must provide password that Contain UpperCaseLetter started !!!]]>
            </line>
            <line>
              <![CDATA[password entered successfully]]>
            </line>
            <line>
              <![CDATA[confirmPassword entered successfully]]>
            </line>
            <line>
              <![CDATA[Password Must Contain UpperCase Letter Assertion successful]]>
            </line>
            <line>
              <![CDATA[Test to confirm user must provide password that Contain UpperCaseLetter completed !!!]]>
            </line>
          </reporter-output>
        </test-method> <!-- InvalidPasswordCheck3 -->
        <test-method signature="InvalidPasswordCheck4()[pri:7, instance:com.rebirthQuickteller.TestCases.SignUp@39fcbef6]" started-at="2023-12-06T10:46:03Z" name="InvalidPasswordCheck4" description="This test case will check user must provide the same password and confirmPassword" finished-at="2023-12-06T10:46:04Z" duration-ms="1024" status="PASS">
          <reporter-output>
            <line>
              <![CDATA[Test to confirm user must provide the same password and confirmPassword started !!!]]>
            </line>
            <line>
              <![CDATA[password entered successfully]]>
            </line>
            <line>
              <![CDATA[confirmPassword entered successfully]]>
            </line>
            <line>
              <![CDATA[Password must match Assertion successful]]>
            </line>
            <line>
              <![CDATA[Test to confirm user must provide the same password and confirmPassword completed !!!]]>
            </line>
          </reporter-output>
        </test-method> <!-- InvalidPasswordCheck4 -->
        <test-method signature="InvalidPasswordCheck5()[pri:8, instance:com.rebirthQuickteller.TestCases.SignUp@39fcbef6]" started-at="2023-12-06T10:46:04Z" name="InvalidPasswordCheck5" description="This test case will check user must provide password that contains 1 Special Character" finished-at="2023-12-06T10:46:05Z" duration-ms="859" status="PASS">
          <reporter-output>
            <line>
              <![CDATA[Test to confirm user must provide password that contains 1 Special Character started !!!]]>
            </line>
            <line>
              <![CDATA[password entered successfully]]>
            </line>
            <line>
              <![CDATA[confirmPassword entered successfully]]>
            </line>
            <line>
              <![CDATA[Password must match Assertion successful]]>
            </line>
            <line>
              <![CDATA[Test to confirm user must provide password that contains 1 Special Character completed !!!]]>
            </line>
          </reporter-output>
        </test-method> <!-- InvalidPasswordCheck5 -->
        <test-method signature="InvalidPasswordCheck6()[pri:9, instance:com.rebirthQuickteller.TestCases.SignUp@39fcbef6]" started-at="2023-12-06T10:46:05Z" name="InvalidPasswordCheck6" description="This test case will check user must provide password that contains 8 Character" finished-at="2023-12-06T10:46:06Z" duration-ms="857" status="PASS">
          <reporter-output>
            <line>
              <![CDATA[Test to confirm user must provide password that contains 8 Character started !!!]]>
            </line>
            <line>
              <![CDATA[password entered successfully]]>
            </line>
            <line>
              <![CDATA[confirmPassword entered successfully]]>
            </line>
            <line>
              <![CDATA[Password Must Contain 8 Character Assertion successful]]>
            </line>
            <line>
              <![CDATA[Test to confirm user must provide password that contains 8 Character completed !!!]]>
            </line>
          </reporter-output>
        </test-method> <!-- InvalidPasswordCheck6 -->
        <test-method signature="CheckFirstNameIsRequiredToCompleteOnboarding()[pri:10, instance:com.rebirthQuickteller.TestCases.SignUp@39fcbef6]" started-at="2023-12-06T10:46:06Z" name="CheckFirstNameIsRequiredToCompleteOnboarding" description="This test case will check user must provide firstName to complete Onboarding Process" finished-at="2023-12-06T10:46:32Z" duration-ms="25789" status="PASS">
          <reporter-output>
            <line>
              <![CDATA[Test to confirm user must provide firstName to complete Onboarding Process started !!!]]>
            </line>
            <line>
              <![CDATA[SignUp button clicked successfully]]>
            </line>
            <line>
              <![CDATA[Sign up with phonenumber button clicked successfully]]>
            </line>
            <line>
              <![CDATA[Search entered successfully]]>
            </line>
            <line>
              <![CDATA[Country code selected successfully]]>
            </line>
            <line>
              <![CDATA[phoneNumber entered successfully]]>
            </line>
            <line>
              <![CDATA[ClickTermConditionButton clicked successfully]]>
            </line>
            <line>
              <![CDATA[SignUp button clicked successfully]]>
            </line>
            <line>
              <![CDATA[OTP entered successfully]]>
            </line>
            <line>
              <![CDATA[password entered successfully]]>
            </line>
            <line>
              <![CDATA[confirmPassword entered successfully]]>
            </line>
            <line>
              <![CDATA[Next button clicked successfully]]>
            </line>
            <line>
              <![CDATA[WelcometoQuickteller message asserted]]>
            </line>
            <line>
              <![CDATA[Get Started button clicked successfully]]>
            </line>
            <line>
              <![CDATA[LastName NAME entered successfully]]>
            </line>
            <line>
              <![CDATA[Gender selected successfully]]>
            </line>
            <line>
              <![CDATA[DateofBirth entered successfully]]>
            </line>
            <line>
              <![CDATA[quickTag NAME entered successfully]]>
            </line>
            <line>
              <![CDATA[RefferalName entered successfully]]>
            </line>
            <line>
              <![CDATA[Test to confirm user must provide firstName to complete Onboarding Process completed !!!]]>
            </line>
          </reporter-output>
        </test-method> <!-- CheckFirstNameIsRequiredToCompleteOnboarding -->
        <test-method signature="CheckLastNameIsRequiredToCompleteOnboarding()[pri:11, instance:com.rebirthQuickteller.TestCases.SignUp@39fcbef6]" started-at="2023-12-06T10:46:32Z" name="CheckLastNameIsRequiredToCompleteOnboarding" description="This test case will check user must provide lastName to complete Onboarding Process" finished-at="2023-12-06T10:47:13Z" duration-ms="41082" status="PASS">
          <reporter-output>
            <line>
              <![CDATA[Test to confirm user must provide lastName to complete Onboarding Process started !!!]]>
            </line>
            <line>
              <![CDATA[SignUp button clicked successfully]]>
            </line>
            <line>
              <![CDATA[Sign up with phonenumber button clicked successfully]]>
            </line>
            <line>
              <![CDATA[Search entered successfully]]>
            </line>
            <line>
              <![CDATA[Country code selected successfully]]>
            </line>
            <line>
              <![CDATA[phoneNumber entered successfully]]>
            </line>
            <line>
              <![CDATA[ClickTermConditionButton clicked successfully]]>
            </line>
            <line>
              <![CDATA[SignUp button clicked successfully]]>
            </line>
            <line>
              <![CDATA[OTP entered successfully]]>
            </line>
            <line>
              <![CDATA[password entered successfully]]>
            </line>
            <line>
              <![CDATA[confirmPassword entered successfully]]>
            </line>
            <line>
              <![CDATA[Next button clicked successfully]]>
            </line>
            <line>
              <![CDATA[WelcometoQuickteller message asserted]]>
            </line>
            <line>
              <![CDATA[Get Started button clicked successfully]]>
            </line>
            <line>
              <![CDATA[FirstName_NAME entered successfully]]>
            </line>
            <line>
              <![CDATA[Gender selected successfully]]>
            </line>
            <line>
              <![CDATA[DateofBirth entered successfully]]>
            </line>
            <line>
              <![CDATA[quickTag NAME entered successfully]]>
            </line>
            <line>
              <![CDATA[RefferalName entered successfully]]>
            </line>
            <line>
              <![CDATA[Test to confirm user must provide lastName to complete Onboarding Process completed !!!]]>
            </line>
          </reporter-output>
        </test-method> <!-- CheckLastNameIsRequiredToCompleteOnboarding -->
        <test-method signature="CheckGenderIsRequiredToCompleteOnboarding()[pri:12, instance:com.rebirthQuickteller.TestCases.SignUp@39fcbef6]" started-at="2023-12-06T10:47:13Z" name="CheckGenderIsRequiredToCompleteOnboarding" description="This test case will check user must provide gender to complete Onboarding Process" finished-at="2023-12-06T10:47:55Z" duration-ms="42377" status="PASS">
          <reporter-output>
            <line>
              <![CDATA[Test to confirm user must provide gender to complete Onboarding Process started !!!]]>
            </line>
            <line>
              <![CDATA[SignUp button clicked successfully]]>
            </line>
            <line>
              <![CDATA[Sign up with phonenumber button clicked successfully]]>
            </line>
            <line>
              <![CDATA[Search entered successfully]]>
            </line>
            <line>
              <![CDATA[Country code selected successfully]]>
            </line>
            <line>
              <![CDATA[phoneNumber entered successfully]]>
            </line>
            <line>
              <![CDATA[ClickTermConditionButton clicked successfully]]>
            </line>
            <line>
              <![CDATA[SignUp button clicked successfully]]>
            </line>
            <line>
              <![CDATA[OTP entered successfully]]>
            </line>
            <line>
              <![CDATA[password entered successfully]]>
            </line>
            <line>
              <![CDATA[confirmPassword entered successfully]]>
            </line>
            <line>
              <![CDATA[Next button clicked successfully]]>
            </line>
            <line>
              <![CDATA[WelcometoQuickteller message asserted]]>
            </line>
            <line>
              <![CDATA[Get Started button clicked successfully]]>
            </line>
            <line>
              <![CDATA[FirstName_NAME entered successfully]]>
            </line>
            <line>
              <![CDATA[LastName NAME entered successfully]]>
            </line>
            <line>
              <![CDATA[DateofBirth entered successfully]]>
            </line>
            <line>
              <![CDATA[quickTag NAME entered successfully]]>
            </line>
            <line>
              <![CDATA[RefferalName entered successfully]]>
            </line>
            <line>
              <![CDATA[Test to confirm user must provide gender to complete Onboarding Process completed !!!]]>
            </line>
          </reporter-output>
        </test-method> <!-- CheckGenderIsRequiredToCompleteOnboarding -->
        <test-method signature="CheckDateOfBirthIsRequiredToCompleteOnboarding()[pri:13, instance:com.rebirthQuickteller.TestCases.SignUp@39fcbef6]" started-at="2023-12-06T10:47:55Z" name="CheckDateOfBirthIsRequiredToCompleteOnboarding" description="This test case will check user must provide dateofbirth to complete Onboarding Process" finished-at="2023-12-06T10:48:25Z" duration-ms="30407" status="PASS">
          <reporter-output>
            <line>
              <![CDATA[Test to confirm user must provide dateofbirth to complete Onboarding Process started !!!]]>
            </line>
            <line>
              <![CDATA[SignUp button clicked successfully]]>
            </line>
            <line>
              <![CDATA[Sign up with phonenumber button clicked successfully]]>
            </line>
            <line>
              <![CDATA[Search entered successfully]]>
            </line>
            <line>
              <![CDATA[Country code selected successfully]]>
            </line>
            <line>
              <![CDATA[phoneNumber entered successfully]]>
            </line>
            <line>
              <![CDATA[ClickTermConditionButton clicked successfully]]>
            </line>
            <line>
              <![CDATA[SignUp button clicked successfully]]>
            </line>
            <line>
              <![CDATA[OTP entered successfully]]>
            </line>
            <line>
              <![CDATA[password entered successfully]]>
            </line>
            <line>
              <![CDATA[confirmPassword entered successfully]]>
            </line>
            <line>
              <![CDATA[Next button clicked successfully]]>
            </line>
            <line>
              <![CDATA[WelcometoQuickteller message asserted]]>
            </line>
            <line>
              <![CDATA[Get Started button clicked successfully]]>
            </line>
            <line>
              <![CDATA[FirstName_NAME entered successfully]]>
            </line>
            <line>
              <![CDATA[LastName NAME entered successfully]]>
            </line>
            <line>
              <![CDATA[Gender selected successfully]]>
            </line>
            <line>
              <![CDATA[quickTag NAME entered successfully]]>
            </line>
            <line>
              <![CDATA[RefferalName entered successfully]]>
            </line>
            <line>
              <![CDATA[Test to confirm user must provide dateofbirth to complete Onboarding Process completed !!!]]>
            </line>
          </reporter-output>
        </test-method> <!-- CheckDateOfBirthIsRequiredToCompleteOnboarding -->
        <test-method signature="CheckPinMisMatchisNotPermmittedToCompleteOnboarding()[pri:14, instance:com.rebirthQuickteller.TestCases.SignUp@39fcbef6]" started-at="2023-12-06T10:48:25Z" name="CheckPinMisMatchisNotPermmittedToCompleteOnboarding" description="This test case will check user must provide match pin and confirm pin to complete Onboarding Process" finished-at="2023-12-06T10:49:06Z" duration-ms="40495" status="PASS">
          <reporter-output>
            <line>
              <![CDATA[Test to confirm user must provide match pin and confirm pin to complete Onboarding Process started !!!]]>
            </line>
            <line>
              <![CDATA[SignUp button clicked successfully]]>
            </line>
            <line>
              <![CDATA[Sign up with phonenumber button clicked successfully]]>
            </line>
            <line>
              <![CDATA[Search entered successfully]]>
            </line>
            <line>
              <![CDATA[Country code selected successfully]]>
            </line>
            <line>
              <![CDATA[phoneNumber entered successfully]]>
            </line>
            <line>
              <![CDATA[ClickTermConditionButton clicked successfully]]>
            </line>
            <line>
              <![CDATA[SignUp button clicked successfully]]>
            </line>
            <line>
              <![CDATA[OTP entered successfully]]>
            </line>
            <line>
              <![CDATA[password entered successfully]]>
            </line>
            <line>
              <![CDATA[confirmPassword entered successfully]]>
            </line>
            <line>
              <![CDATA[Next button clicked successfully]]>
            </line>
            <line>
              <![CDATA[WelcometoQuickteller message asserted]]>
            </line>
            <line>
              <![CDATA[Get Started button clicked successfully]]>
            </line>
            <line>
              <![CDATA[FirstName_NAME entered successfully]]>
            </line>
            <line>
              <![CDATA[LastName NAME entered successfully]]>
            </line>
            <line>
              <![CDATA[Gender selected successfully]]>
            </line>
            <line>
              <![CDATA[DateofBirth entered successfully]]>
            </line>
            <line>
              <![CDATA[quickTag NAME entered successfully]]>
            </line>
            <line>
              <![CDATA[RefferalName entered successfully]]>
            </line>
            <line>
              <![CDATA[Next button clicked successfully]]>
            </line>
            <line>
              <![CDATA[Pin entered successfully]]>
            </line>
            <line>
              <![CDATA[ConfirmPin entered successfully]]>
            </line>
            <line>
              <![CDATA[SavePin button clicked successfully]]>
            </line>
            <line>
              <![CDATA[Pin MisMatch error message Asserted]]>
            </line>
            <line>
              <![CDATA[Test to confirm user must provide match pin and confirm pin to complete Onboarding Process completed !!!]]>
            </line>
          </reporter-output>
        </test-method> <!-- CheckPinMisMatchisNotPermmittedToCompleteOnboarding -->
        <test-method signature="CheckPinRepetitiveisNotPermmittedToCompleteOnboarding()[pri:15, instance:com.rebirthQuickteller.TestCases.SignUp@39fcbef6]" started-at="2023-12-06T10:49:06Z" name="CheckPinRepetitiveisNotPermmittedToCompleteOnboarding" description="This test case will check user must provide pin and confirm pin that is not repetitive or sequential to complete Onboarding Process" finished-at="2023-12-06T10:49:56Z" duration-ms="50324" status="PASS">
          <reporter-output>
            <line>
              <![CDATA[Test to confirm user must provide pin and confirm pin that is not repetitive or sequential to complete Onboarding Process started !!!]]>
            </line>
            <line>
              <![CDATA[SignUp button clicked successfully]]>
            </line>
            <line>
              <![CDATA[Sign up with phonenumber button clicked successfully]]>
            </line>
            <line>
              <![CDATA[Search entered successfully]]>
            </line>
            <line>
              <![CDATA[Country code selected successfully]]>
            </line>
            <line>
              <![CDATA[phoneNumber entered successfully]]>
            </line>
            <line>
              <![CDATA[ClickTermConditionButton clicked successfully]]>
            </line>
            <line>
              <![CDATA[SignUp button clicked successfully]]>
            </line>
            <line>
              <![CDATA[OTP entered successfully]]>
            </line>
            <line>
              <![CDATA[password entered successfully]]>
            </line>
            <line>
              <![CDATA[confirmPassword entered successfully]]>
            </line>
            <line>
              <![CDATA[Next button clicked successfully]]>
            </line>
            <line>
              <![CDATA[WelcometoQuickteller message asserted]]>
            </line>
            <line>
              <![CDATA[Get Started button clicked successfully]]>
            </line>
            <line>
              <![CDATA[FirstName_NAME entered successfully]]>
            </line>
            <line>
              <![CDATA[LastName NAME entered successfully]]>
            </line>
            <line>
              <![CDATA[Gender selected successfully]]>
            </line>
            <line>
              <![CDATA[DateofBirth entered successfully]]>
            </line>
            <line>
              <![CDATA[RefferalName entered successfully]]>
            </line>
            <line>
              <![CDATA[Next button clicked successfully]]>
            </line>
            <line>
              <![CDATA[Pin entered successfully]]>
            </line>
            <line>
              <![CDATA[ConfirmPin entered successfully]]>
            </line>
            <line>
              <![CDATA[SavePin button clicked successfully]]>
            </line>
            <line>
              <![CDATA[Pin Repetitive/Sequential error message Asserted]]>
            </line>
            <line>
              <![CDATA[Test to confirm user must provide pin and confirm pin that is not repetitive or sequential to complete Onboarding Process completed !!!]]>
            </line>
          </reporter-output>
        </test-method> <!-- CheckPinRepetitiveisNotPermmittedToCompleteOnboarding -->
        <test-method signature="SignUpwithPhoneNumber()[pri:16, instance:com.rebirthQuickteller.TestCases.SignUp@39fcbef6]" started-at="2023-12-06T10:49:56Z" name="SignUpwithPhoneNumber" description="This test case will verify user can signup with phonenumber using valid credentials" finished-at="2023-12-06T10:50:30Z" duration-ms="33573" status="PASS">
          <reporter-output>
            <line>
              <![CDATA[Test to verify user can signup with phonenumber using valid credentials started !!!]]>
            </line>
            <line>
              <![CDATA[SignUp button clicked successfully]]>
            </line>
            <line>
              <![CDATA[Sign up with phonenumber button clicked successfully]]>
            </line>
            <line>
              <![CDATA[Search entered successfully]]>
            </line>
            <line>
              <![CDATA[Country code selected successfully]]>
            </line>
            <line>
              <![CDATA[phoneNumber entered successfully]]>
            </line>
            <line>
              <![CDATA[ClickTermConditionButton clicked successfully]]>
            </line>
            <line>
              <![CDATA[SignUp button clicked successfully]]>
            </line>
            <line>
              <![CDATA[OTP entered successfully]]>
            </line>
            <line>
              <![CDATA[password entered successfully]]>
            </line>
            <line>
              <![CDATA[confirmPassword entered successfully]]>
            </line>
            <line>
              <![CDATA[Next button clicked successfully]]>
            </line>
            <line>
              <![CDATA[WelcometoQuickteller message asserted]]>
            </line>
            <line>
              <![CDATA[Get Started button clicked successfully]]>
            </line>
            <line>
              <![CDATA[FirstName_NAME entered successfully]]>
            </line>
            <line>
              <![CDATA[LastName NAME entered successfully]]>
            </line>
            <line>
              <![CDATA[Gender selected successfully]]>
            </line>
            <line>
              <![CDATA[DateofBirth entered successfully]]>
            </line>
            <line>
              <![CDATA[RefferalName entered successfully]]>
            </line>
            <line>
              <![CDATA[Next button clicked successfully]]>
            </line>
            <line>
              <![CDATA[Profile Update success message Asserted]]>
            </line>
            <line>
              <![CDATA[Pin entered successfully]]>
            </line>
            <line>
              <![CDATA[ConfirmPin entered successfully]]>
            </line>
            <line>
              <![CDATA[SavePin button clicked successfully]]>
            </line>
            <line>
              <![CDATA[Pin set success message Asserted]]>
            </line>
            <line>
              <![CDATA[Test to verify user can signup with phonenumber using valid credentials completed !!!]]>
            </line>
          </reporter-output>
        </test-method> <!-- SignUpwithPhoneNumber -->
        <test-method is-config="true" signature="terminateSession()[pri:0, instance:com.rebirthQuickteller.TestCases.SignUp@39fcbef6]" started-at="2023-12-06T10:50:30Z" name="terminateSession" finished-at="2023-12-06T10:50:30Z" duration-ms="408" status="PASS">
          <reporter-output>
          </reporter-output>
        </test-method> <!-- terminateSession -->
      </class> <!-- com.rebirthQuickteller.TestCases.SignUp -->
    </test> <!-- SignUp -->
    <test started-at="2023-12-06T10:50:30Z" name="Validate Login" finished-at="2023-12-06T10:52:01Z" duration-ms="90558">
      <class name="com.rebirthQuickteller.TestCases.ValidateLogin">
        <test-method is-config="true" signature="setUp()[pri:0, instance:com.rebirthQuickteller.TestCases.ValidateLogin@55dfebeb]" started-at="2023-12-06T10:50:30Z" name="setUp" finished-at="2023-12-06T10:50:45Z" duration-ms="14998" status="PASS">
          <reporter-output>
            <line>
              <![CDATA[=====Chrome Browser Session Started=====]]>
            </line>
          </reporter-output>
        </test-method> <!-- setUp -->
        <test-method signature="LoginWithInvalidEmailInput()[pri:1, instance:com.rebirthQuickteller.TestCases.ValidateLogin@55dfebeb]" started-at="2023-12-06T10:50:45Z" name="LoginWithInvalidEmailInput" description="This test case will verify user can&#039;t login with invalid email and a valid password fields" finished-at="2023-12-06T10:50:47Z" duration-ms="1243" status="PASS">
          <reporter-output>
            <line>
              <![CDATA[Test to verify user can't login with invalid email and a valid password fields started !!!]]>
            </line>
            <line>
              <![CDATA[emailAddress entered successfully]]>
            </line>
            <line>
              <![CDATA[Assertion of InvalidEmailInput successful]]>
            </line>
            <line>
              <![CDATA[Password entered successfully]]>
            </line>
            <line>
              <![CDATA[Test to verify user can't login with invalid email and a valid password fields completed !!!]]>
            </line>
          </reporter-output>
        </test-method> <!-- LoginWithInvalidEmailInput -->
        <test-method signature="LoginWithUnregisteredEmail()[pri:2, instance:com.rebirthQuickteller.TestCases.ValidateLogin@55dfebeb]" started-at="2023-12-06T10:50:47Z" name="LoginWithUnregisteredEmail" description="This test case will verify user can&#039;t login with UnregisteredEmail and a valid password fields" finished-at="2023-12-06T10:50:49Z" duration-ms="2733" status="PASS">
          <reporter-output>
            <line>
              <![CDATA[Test to verify user can't login with  UnregisteredEmail and a valid password fields started !!!]]>
            </line>
            <line>
              <![CDATA[emailAddress entered successfully]]>
            </line>
            <line>
              <![CDATA[Password entered successfully]]>
            </line>
            <line>
              <![CDATA[SignIn button clicked successfully]]>
            </line>
            <line>
              <![CDATA[Assertion of UnregisteredEmail successful]]>
            </line>
            <line>
              <![CDATA[Test to verify user can't login with  UnregisteredEmail and a valid password fields completed !!!]]>
            </line>
          </reporter-output>
        </test-method> <!-- LoginWithUnregisteredEmail -->
        <test-method signature="EmailLoginWithEmptyEmailAddressField()[pri:3, instance:com.rebirthQuickteller.TestCases.ValidateLogin@55dfebeb]" started-at="2023-12-06T10:50:49Z" name="EmailLoginWithEmptyEmailAddressField" description="This test case will verify user can&#039;t login with empty email fields and valid password" finished-at="2023-12-06T10:50:50Z" duration-ms="997" status="PASS">
          <reporter-output>
            <line>
              <![CDATA[Test to verify user can't login with empty email fields and valid password started !!!]]>
            </line>
            <line>
              <![CDATA[emailAddress entered successfully]]>
            </line>
            <line>
              <![CDATA[Password entered successfully]]>
            </line>
            <line>
              <![CDATA[Test to verify user can't login with empty email fields and valid password completed !!!]]>
            </line>
          </reporter-output>
        </test-method> <!-- EmailLoginWithEmptyEmailAddressField -->
        <test-method signature="EmailLoginWithEmptyPasswordField()[pri:4, instance:com.rebirthQuickteller.TestCases.ValidateLogin@55dfebeb]" started-at="2023-12-06T10:50:50Z" name="EmailLoginWithEmptyPasswordField" description="This test case will verify user can&#039;t login with empty pasword fields and valid email address" finished-at="2023-12-06T10:50:51Z" duration-ms="1066" status="PASS">
          <reporter-output>
            <line>
              <![CDATA[Test to verify user can't login with empty pasword fields and valid email address started !!!]]>
            </line>
            <line>
              <![CDATA[emailAddress entered successfully]]>
            </line>
            <line>
              <![CDATA[Password entered successfully]]>
            </line>
            <line>
[...]
          <exception class="org.openqa.selenium.WebDriverException">
            <message>
              <![CDATA[unknown error: net::ERR_INTERNET_DISCONNECTED
  (Session info: chrome=119.0.6045.160)
Build info: version: '3.141.59', revision: 'e82be7d358', time: '2018-11-14T08:17:03'
System info: host: 'ISW-230323-1218', ip: '192.168.1.48', os.name: 'Windows 10', os.arch: 'amd64', os.version: '10.0', java.version: '17.0.6'
Driver info: org.openqa.selenium.chrome.ChromeDriver
Capabilities {acceptInsecureCerts: false, browserName: chrome, browserVersion: 119.0.6045.160, chrome: {chromedriverVersion: 119.0.6045.105 (38c72552c5e..., userDataDir: C:\Users\ADEMOL~1.OYE\AppDa...}, fedcm:accounts: true, goog:chromeOptions: {debuggerAddress: localhost:64353}, javascriptEnabled: true, networkConnectionEnabled: false, pageLoadStrategy: normal, platform: WINDOWS, platformName: WINDOWS, proxy: Proxy(), setWindowRect: true, strictFileInteractability: false, timeouts: {implicit: 0, pageLoad: 300000, script: 30000}, unhandledPromptBehavior: dismiss and notify, webauthn:extension:credBlob: true, webauthn:extension:largeBlob: true, webauthn:extension:minPinLength: true, webauthn:extension:prf: true, webauthn:virtualAuthenticators: true}
Session ID: 33eddebde34727c1f6ad1ecf228d67b0]]>
            </message>
            <full-stacktrace>
              <![CDATA[org.openqa.selenium.WebDriverException: unknown error: net::ERR_INTERNET_DISCONNECTED
  (Session info: chrome=119.0.6045.160)
Build info: version: '3.141.59', revision: 'e82be7d358', time: '2018-11-14T08:17:03'
System info: host: 'ISW-230323-1218', ip: '192.168.1.48', os.name: 'Windows 10', os.arch: 'amd64', os.version: '10.0', java.version: '17.0.6'
Driver info: org.openqa.selenium.chrome.ChromeDriver
Capabilities {acceptInsecureCerts: false, browserName: chrome, browserVersion: 119.0.6045.160, chrome: {chromedriverVersion: 119.0.6045.105 (38c72552c5e..., userDataDir: C:\Users\ADEMOL~1.OYE\AppDa...}, fedcm:accounts: true, goog:chromeOptions: {debuggerAddress: localhost:64353}, javascriptEnabled: true, networkConnectionEnabled: false, pageLoadStrategy: normal, platform: WINDOWS, platformName: WINDOWS, proxy: Proxy(), setWindowRect: true, strictFileInteractability: false, timeouts: {implicit: 0, pageLoad: 300000, script: 30000}, unhandledPromptBehavior: dismiss and notify, webauthn:extension:credBlob: true, webauthn:extension:largeBlob: true, webauthn:extension:minPinLength: true, webauthn:extension:prf: true, webauthn:virtualAuthenticators: true}
Session ID: 33eddebde34727c1f6ad1ecf228d67b0
at java.base/jdk.internal.reflect.NativeConstructorAccessorImpl.newInstance0(Native Method)
at java.base/jdk.internal.reflect.NativeConstructorAccessorImpl.newInstance(NativeConstructorAccessorImpl.java:77)
at java.base/jdk.internal.reflect.DelegatingConstructorAccessorImpl.newInstance(DelegatingConstructorAccessorImpl.java:45)
at java.base/java.lang.reflect.Constructor.newInstanceWithCaller(Constructor.java:499)
at java.base/java.lang.reflect.Constructor.newInstance(Constructor.java:480)
at org.openqa.selenium.remote.http.W3CHttpResponseCodec.createException(W3CHttpResponseCodec.java:187)
at org.openqa.selenium.remote.http.W3CHttpResponseCodec.decode(W3CHttpResponseCodec.java:122)
at org.openqa.selenium.remote.http.W3CHttpResponseCodec.decode(W3CHttpResponseCodec.java:49)
at org.openqa.selenium.remote.HttpCommandExecutor.execute(HttpCommandExecutor.java:158)
at org.openqa.selenium.remote.service.DriverCommandExecutor.execute(DriverCommandExecutor.java:83)
at org.openqa.selenium.remote.RemoteWebDriver.execute(RemoteWebDriver.java:552)
at org.openqa.selenium.remote.RemoteWebDriver.get(RemoteWebDriver.java:277)
at com.rebirthQuickteller.base.TestBase.setUp(TestBase.java:119)
at java.base/jdk.internal.reflect.NativeMethodAccessorImpl.invoke0(Native Method)
at java.base/jdk.internal.reflect.NativeMethodAccessorImpl.invoke(NativeMethodAccessorImpl.java:77)
at java.base/jdk.internal.reflect.DelegatingMethodAccessorImpl.invoke(DelegatingMethodAccessorImpl.java:43)
at java.base/java.lang.reflect.Method.invoke(Method.java:568)
at org.testng.internal.MethodInvocationHelper.invokeMethod(MethodInvocationHelper.java:124)
at org.testng.internal.MethodInvocationHelper.invokeMethodConsideringTimeout(MethodInvocationHelper.java:59)
at org.testng.internal.Invoker.invokeConfigurationMethod(Invoker.java:458)
at org.testng.internal.Invoker.invokeConfigurations(Invoker.java:222)
at org.testng.internal.Invoker.invokeConfigurations(Invoker.java:142)
at org.testng.internal.TestMethodWorker.invokeBeforeClassMethods(TestMethodWorker.java:168)
at org.testng.internal.TestMethodWorker.run(TestMethodWorker.java:105)
at org.testng.TestRunner.privateRun(TestRunner.java:648)
at org.testng.TestRunner.run(TestRunner.java:505)
at org.testng.SuiteRunner.runTest(SuiteRunner.java:455)
at org.testng.SuiteRunner.runSequentially(SuiteRunner.java:450)
at org.testng.SuiteRunner.privateRun(SuiteRunner.java:415)
at org.testng.SuiteRunner.run(SuiteRunner.java:364)
at org.testng.SuiteRunnerWorker.runSuite(SuiteRunnerWorker.java:52)
at org.testng.SuiteRunnerWorker.run(SuiteRunnerWorker.java:84)
at org.testng.TestNG.runSuitesSequentially(TestNG.java:1208)
at org.testng.TestNG.runSuitesLocally(TestNG.java:1137)
at org.testng.TestNG.runSuites(TestNG.java:1049)
at org.testng.TestNG.run(TestNG.java:1017)
at org.apache.maven.surefire.testng.TestNGExecutor.run(TestNGExecutor.java:281)
at org.apache.maven.surefire.testng.TestNGXmlTestSuite.execute(TestNGXmlTestSuite.java:75)
at org.apache.maven.surefire.testng.TestNGProvider.invoke(TestNGProvider.java:121)
at org.apache.maven.surefire.booter.ForkedBooter.invokeProviderInSameClassLoader(ForkedBooter.java:290)
at org.apache.maven.surefire.booter.ForkedBooter.runSuitesInProcess(ForkedBooter.java:242)
at org.apache.maven.surefire.booter.ForkedBooter.main(ForkedBooter.java:121)
]]>
            </full-stacktrace>
          </exception> <!-- org.openqa.selenium.WebDriverException -->
          <reporter-output>
          </reporter-output>
        </test-method> <!-- QTAccountAirtimeRechargeWithInvalidTransactionPin -->
        <test-method signature="InsufficentQTAccountDataRecharge()[pri:7, instance:com.rebirthQuickteller.TestCases.DataRecharge@112f364d]" started-at="2023-12-06T10:57:39Z" name="InsufficentQTAccountDataRecharge" description="This test case will validate user can not recharge data with Insufficent QTAccount balance" finished-at="2023-12-06T10:57:39Z" duration-ms="0" status="SKIP">
          <exception class="org.openqa.selenium.WebDriverException">
            <message>
              <![CDATA[unknown error: net::ERR_INTERNET_DISCONNECTED
  (Session info: chrome=119.0.6045.160)
Build info: version: '3.141.59', revision: 'e82be7d358', time: '2018-11-14T08:17:03'
System info: host: 'ISW-230323-1218', ip: '192.168.1.48', os.name: 'Windows 10', os.arch: 'amd64', os.version: '10.0', java.version: '17.0.6'
Driver info: org.openqa.selenium.chrome.ChromeDriver
Capabilities {acceptInsecureCerts: false, browserName: chrome, browserVersion: 119.0.6045.160, chrome: {chromedriverVersion: 119.0.6045.105 (38c72552c5e..., userDataDir: C:\Users\ADEMOL~1.OYE\AppDa...}, fedcm:accounts: true, goog:chromeOptions: {debuggerAddress: localhost:64353}, javascriptEnabled: true, networkConnectionEnabled: false, pageLoadStrategy: normal, platform: WINDOWS, platformName: WINDOWS, proxy: Proxy(), setWindowRect: true, strictFileInteractability: false, timeouts: {implicit: 0, pageLoad: 300000, script: 30000}, unhandledPromptBehavior: dismiss and notify, webauthn:extension:credBlob: true, webauthn:extension:largeBlob: true, webauthn:extension:minPinLength: true, webauthn:extension:prf: true, webauthn:virtualAuthenticators: true}
Session ID: 33eddebde34727c1f6ad1ecf228d67b0]]>
            </message>
            <full-stacktrace>
              <![CDATA[org.openqa.selenium.WebDriverException: unknown error: net::ERR_INTERNET_DISCONNECTED
  (Session info: chrome=119.0.6045.160)
Build info: version: '3.141.59', revision: 'e82be7d358', time: '2018-11-14T08:17:03'
System info: host: 'ISW-230323-1218', ip: '192.168.1.48', os.name: 'Windows 10', os.arch: 'amd64', os.version: '10.0', java.version: '17.0.6'
Driver info: org.openqa.selenium.chrome.ChromeDriver
Capabilities {acceptInsecureCerts: false, browserName: chrome, browserVersion: 119.0.6045.160, chrome: {chromedriverVersion: 119.0.6045.105 (38c72552c5e..., userDataDir: C:\Users\ADEMOL~1.OYE\AppDa...}, fedcm:accounts: true, goog:chromeOptions: {debuggerAddress: localhost:64353}, javascriptEnabled: true, networkConnectionEnabled: false, pageLoadStrategy: normal, platform: WINDOWS, platformName: WINDOWS, proxy: Proxy(), setWindowRect: true, strictFileInteractability: false, timeouts: {implicit: 0, pageLoad: 300000, script: 30000}, unhandledPromptBehavior: dismiss and notify, webauthn:extension:credBlob: true, webauthn:extension:largeBlob: true, webauthn:extension:minPinLength: true, webauthn:extension:prf: true, webauthn:virtualAuthenticators: true}
Session ID: 33eddebde34727c1f6ad1ecf228d67b0
at java.base/jdk.internal.reflect.NativeConstructorAccessorImpl.newInstance0(Native Method)
at java.base/jdk.internal.reflect.NativeConstructorAccessorImpl.newInstance(NativeConstructorAccessorImpl.java:77)
at java.base/jdk.internal.reflect.DelegatingConstructorAccessorImpl.newInstance(DelegatingConstructorAccessorImpl.java:45)
at java.base/java.lang.reflect.Constructor.newInstanceWithCaller(Constructor.java:499)
at java.base/java.lang.reflect.Constructor.newInstance(Constructor.java:480)
at org.openqa.selenium.remote.http.W3CHttpResponseCodec.createException(W3CHttpResponseCodec.java:187)
at org.openqa.selenium.remote.http.W3CHttpResponseCodec.decode(W3CHttpResponseCodec.java:122)
at org.openqa.selenium.remote.http.W3CHttpResponseCodec.decode(W3CHttpResponseCodec.java:49)
at org.openqa.selenium.remote.HttpCommandExecutor.execute(HttpCommandExecutor.java:158)
at org.openqa.selenium.remote.service.DriverCommandExecutor.execute(DriverCommandExecutor.java:83)
at org.openqa.selenium.remote.RemoteWebDriver.execute(RemoteWebDriver.java:552)
at org.openqa.selenium.remote.RemoteWebDriver.get(RemoteWebDriver.java:277)
at com.rebirthQuickteller.base.TestBase.setUp(TestBase.java:119)
at java.base/jdk.internal.reflect.NativeMethodAccessorImpl.invoke0(Native Method)
at java.base/jdk.internal.reflect.NativeMethodAccessorImpl.invoke(NativeMethodAccessorImpl.java:77)
at java.base/jdk.internal.reflect.DelegatingMethodAccessorImpl.invoke(DelegatingMethodAccessorImpl.java:43)
at java.base/java.lang.reflect.Method.invoke(Method.java:568)
at org.testng.internal.MethodInvocationHelper.invokeMethod(MethodInvocationHelper.java:124)
at org.testng.internal.MethodInvocationHelper.invokeMethodConsideringTimeout(MethodInvocationHelper.java:59)
at org.testng.internal.Invoker.invokeConfigurationMethod(Invoker.java:458)
at org.testng.internal.Invoker.invokeConfigurations(Invoker.java:222)
at org.testng.internal.Invoker.invokeConfigurations(Invoker.java:142)
at org.testng.internal.TestMethodWorker.invokeBeforeClassMethods(TestMethodWorker.java:168)
at org.testng.internal.TestMethodWorker.run(TestMethodWorker.java:105)
at org.testng.TestRunner.privateRun(TestRunner.java:648)
at org.testng.TestRunner.run(TestRunner.java:505)
at org.testng.SuiteRunner.runTest(SuiteRunner.java:455)
at org.testng.SuiteRunner.runSequentially(SuiteRunner.java:450)
at org.testng.SuiteRunner.privateRun(SuiteRunner.java:415)
at org.testng.SuiteRunner.run(SuiteRunner.java:364)
at org.testng.SuiteRunnerWorker.runSuite(SuiteRunnerWorker.java:52)
at org.testng.SuiteRunnerWorker.run(SuiteRunnerWorker.java:84)
at org.testng.TestNG.runSuitesSequentially(TestNG.java:1208)
at org.testng.TestNG.runSuitesLocally(TestNG.java:1137)
at org.testng.TestNG.runSuites(TestNG.java:1049)
at org.testng.TestNG.run(TestNG.java:1017)
at org.apache.maven.surefire.testng.TestNGExecutor.run(TestNGExecutor.java:281)
at org.apache.maven.surefire.testng.TestNGXmlTestSuite.execute(TestNGXmlTestSuite.java:75)
at org.apache.maven.surefire.testng.TestNGProvider.invoke(TestNGProvider.java:121)
at org.apache.maven.surefire.booter.ForkedBooter.invokeProviderInSameClassLoader(ForkedBooter.java:290)
at org.apache.maven.surefire.booter.ForkedBooter.runSuitesInProcess(ForkedBooter.java:242)
at org.apache.maven.surefire.booter.ForkedBooter.main(ForkedBooter.java:121)
]]>
            </full-stacktrace>
          </exception> <!-- org.openqa.selenium.WebDriverException -->
          <reporter-output>
          </reporter-output>
        </test-method> <!-- InsufficentQTAccountDataRecharge -->
        <test-method is-config="true" signature="terminateSession()[pri:0, instance:com.rebirthQuickteller.TestCases.DataRecharge@112f364d]" started-at="2023-12-06T10:57:39Z" name="terminateSession" finished-at="2023-12-06T10:57:39Z" duration-ms="0" status="SKIP">
          <reporter-output>
          </reporter-output>
        </test-method> <!-- terminateSession -->
        <test-method signature="InsufficientOneTouchSelfRecharge()[pri:10, instance:com.rebirthQuickteller.TestCases.DataRecharge@112f364d]" started-at="2023-12-06T10:57:39Z" name="InsufficientOneTouchSelfRecharge" description="This test case will validate user cannot perform self recharge using OneTouch with InsufficientFund " finished-at="2023-12-06T10:57:39Z" duration-ms="0" status="SKIP">
          <exception class="org.openqa.selenium.WebDriverException">
            <message>
              <![CDATA[unknown error: net::ERR_INTERNET_DISCONNECTED
  (Session info: chrome=119.0.6045.160)
Build info: version: '3.141.59', revision: 'e82be7d358', time: '2018-11-14T08:17:03'
System info: host: 'ISW-230323-1218', ip: '192.168.1.48', os.name: 'Windows 10', os.arch: 'amd64', os.version: '10.0', java.version: '17.0.6'
Driver info: org.openqa.selenium.chrome.ChromeDriver
Capabilities {acceptInsecureCerts: false, browserName: chrome, browserVersion: 119.0.6045.160, chrome: {chromedriverVersion: 119.0.6045.105 (38c72552c5e..., userDataDir: C:\Users\ADEMOL~1.OYE\AppDa...}, fedcm:accounts: true, goog:chromeOptions: {debuggerAddress: localhost:64353}, javascriptEnabled: true, networkConnectionEnabled: false, pageLoadStrategy: normal, platform: WINDOWS, platformName: WINDOWS, proxy: Proxy(), setWindowRect: true, strictFileInteractability: false, timeouts: {implicit: 0, pageLoad: 300000, script: 30000}, unhandledPromptBehavior: dismiss and notify, webauthn:extension:credBlob: true, webauthn:extension:largeBlob: true, webauthn:extension:minPinLength: true, webauthn:extension:prf: true, webauthn:virtualAuthenticators: true}
Session ID: 33eddebde34727c1f6ad1ecf228d67b0]]>
            </message>
            <full-stacktrace>
              <![CDATA[org.openqa.selenium.WebDriverException: unknown error: net::ERR_INTERNET_DISCONNECTED
  (Session info: chrome=119.0.6045.160)
Build info: version: '3.141.59', revision: 'e82be7d358', time: '2018-11-14T08:17:03'
System info: host: 'ISW-230323-1218', ip: '192.168.1.48', os.name: 'Windows 10', os.arch: 'amd64', os.version: '10.0', java.version: '17.0.6'
Driver info: org.openqa.selenium.chrome.ChromeDriver
Capabilities {acceptInsecureCerts: false, browserName: chrome, browserVersion: 119.0.6045.160, chrome: {chromedriverVersion: 119.0.6045.105 (38c72552c5e..., userDataDir: C:\Users\ADEMOL~1.OYE\AppDa...}, fedcm:accounts: true, goog:chromeOptions: {debuggerAddress: localhost:64353}, javascriptEnabled: true, networkConnectionEnabled: false, pageLoadStrategy: normal, platform: WINDOWS, platformName: WINDOWS, proxy: Proxy(), setWindowRect: true, strictFileInteractability: false, timeouts: {implicit: 0, pageLoad: 300000, script: 30000}, unhandledPromptBehavior: dismiss and notify, webauthn:extension:credBlob: true, webauthn:extension:largeBlob: true, webauthn:extension:minPinLength: true, webauthn:extension:prf: true, webauthn:virtualAuthenticators: true}
Session ID: 33eddebde34727c1f6ad1ecf228d67b0
at java.base/jdk.internal.reflect.NativeConstructorAccessorImpl.newInstance0(Native Method)
at java.base/jdk.internal.reflect.NativeConstructorAccessorImpl.newInstance(NativeConstructorAccessorImpl.java:77)
at java.base/jdk.internal.reflect.DelegatingConstructorAccessorImpl.newInstance(DelegatingConstructorAccessorImpl.java:45)
at java.base/java.lang.reflect.Constructor.newInstanceWithCaller(Constructor.java:499)
at java.base/java.lang.reflect.Constructor.newInstance(Constructor.java:480)
at org.openqa.selenium.remote.http.W3CHttpResponseCodec.createException(W3CHttpResponseCodec.java:187)
at org.openqa.selenium.remote.http.W3CHttpResponseCodec.decode(W3CHttpResponseCodec.java:122)
at org.openqa.selenium.remote.http.W3CHttpResponseCodec.decode(W3CHttpResponseCodec.java:49)
at org.openqa.selenium.remote.HttpCommandExecutor.execute(HttpCommandExecutor.java:158)
at org.openqa.selenium.remote.service.DriverCommandExecutor.execute(DriverCommandExecutor.java:83)
at org.openqa.selenium.remote.RemoteWebDriver.execute(RemoteWebDriver.java:552)
at org.openqa.selenium.remote.RemoteWebDriver.get(RemoteWebDriver.java:277)
at com.rebirthQuickteller.base.TestBase.setUp(TestBase.java:119)
at java.base/jdk.internal.reflect.NativeMethodAccessorImpl.invoke0(Native Method)
at java.base/jdk.internal.reflect.NativeMethodAccessorImpl.invoke(NativeMethodAccessorImpl.java:77)
at java.base/jdk.internal.reflect.DelegatingMethodAccessorImpl.invoke(DelegatingMethodAccessorImpl.java:43)
at java.base/java.lang.reflect.Method.invoke(Method.java:568)
at org.testng.internal.MethodInvocationHelper.invokeMethod(MethodInvocationHelper.java:124)
at org.testng.internal.MethodInvocationHelper.invokeMethodConsideringTimeout(MethodInvocationHelper.java:59)
at org.testng.internal.Invoker.invokeConfigurationMethod(Invoker.java:458)
at org.testng.internal.Invoker.invokeConfigurations(Invoker.java:222)
at org.testng.internal.Invoker.invokeConfigurations(Invoker.java:142)
at org.testng.internal.TestMethodWorker.invokeBeforeClassMethods(TestMethodWorker.java:168)
at org.testng.internal.TestMethodWorker.run(TestMethodWorker.java:105)
at org.testng.TestRunner.privateRun(TestRunner.java:648)
at org.testng.TestRunner.run(TestRunner.java:505)
at org.testng.SuiteRunner.runTest(SuiteRunner.java:455)
at org.testng.SuiteRunner.runSequentially(SuiteRunner.java:450)
at org.testng.SuiteRunner.privateRun(SuiteRunner.java:415)
at org.testng.SuiteRunner.run(SuiteRunner.java:364)
at org.testng.SuiteRunnerWorker.runSuite(SuiteRunnerWorker.java:52)
at org.testng.SuiteRunnerWorker.run(SuiteRunnerWorker.java:84)
at org.testng.TestNG.runSuitesSequentially(TestNG.java:1208)
at org.testng.TestNG.runSuitesLocally(TestNG.java:1137)
at org.testng.TestNG.runSuites(TestNG.java:1049)
at org.testng.TestNG.run(TestNG.java:1017)
at org.apache.maven.surefire.testng.TestNGExecutor.run(TestNGExecutor.java:281)
at org.apache.maven.surefire.testng.TestNGXmlTestSuite.execute(TestNGXmlTestSuite.java:75)
at org.apache.maven.surefire.testng.TestNGProvider.invoke(TestNGProvider.java:121)
at org.apache.maven.surefire.booter.ForkedBooter.invokeProviderInSameClassLoader(ForkedBooter.java:290)
at org.apache.maven.surefire.booter.ForkedBooter.runSuitesInProcess(ForkedBooter.java:242)
at org.apache.maven.surefire.booter.ForkedBooter.main(ForkedBooter.java:121)
]]>
            </full-stacktrace>
          </exception> <!-- org.openqa.selenium.WebDriverException -->
          <reporter-output>
          </reporter-output>
        </test-method> <!-- InsufficientOneTouchSelfRecharge -->
      </class> <!-- com.rebirthQuickteller.TestCases.DataRecharge -->
    </test> <!-- DataRecharge -->
  </suite> <!-- rebirthQuicktellerSuite -->
</testng-results>
