<?xml version="1.0" encoding="UTF-8"?>
<testsuite xmlns:xsi="http://www.w3.org/2001/XMLSchema-instance" xsi:schemaLocation="https://maven.apache.org/surefire/maven-surefire-plugin/xsd/surefire-test-report.xsd" name="TestSuite" time="115.152" tests="6" errors="0" skipped="0" failures="0">
  <properties>
[...]
</properties>
  <testcase name="WrongPhonenumber_ValidPassword_phoneNumberLoginTest" classname="com.rebirthQuickteller.TestCases.ValidateLoginWithPhoneNumber" time="14.682"/>
  <testcase name="ValidPhonenumber_WrongPassword_phoneNumberLoginTest" classname="com.rebirthQuickteller.TestCases.ValidateLoginWithPhoneNumber" time="14.513"/>
  <testcase name="ValidCredential_phoneNumberLoginTest" classname="com.rebirthQuickteller.TestCases.ValidateLoginWithPhoneNumber" time="13.349"/>
  <testcase name="WrongEmail_ValidPassword_EmailLoginTest" classname="com.rebirthQuickteller.TestCases.ValidateLoginWithEmail" time="12.471"/>
  <testcase name="ValidEmail_InvalidPassword_EmailLoginTest" classname="com.rebirthQuickteller.TestCases.ValidateLoginWithEmail" time="13.638"/>
  <testcase name="ValidCredentials_EmailLoginTest" classname="com.rebirthQuickteller.TestCases.ValidateLoginWithEmail" time="12.297"/>
</testsuite>