<?xml version="1.0" encoding="UTF-8"?>
<!-- Generated by org.testng.reporters.JUnitXMLReporter -->
<testsuite ignored="0" hostname="ISW-230323-1218" failures="0" tests="4" name="DataRecharge" time="3.342" errors="0" timestamp="06 Dec 2023 10:57:39 GMT">
  <testcase classname="com.rebirthQuickteller.base.TestBase" name="@BeforeClass setUp" time="3.336">
    <failure type="org.openqa.selenium.WebDriverException" message="unknown error: net::ERR_INTERNET_DISCONNECTED
  (Session info: chrome=119.0.6045.160)
Build info: version: &amp;apos;3.141.59&amp;apos;, revision: &amp;apos;e82be7d358&amp;apos;, time: &amp;apos;2018-11-14T08:17:03&amp;apos;
System info: host: &amp;apos;ISW-230323-1218&amp;apos;, ip: &amp;apos;192.168.1.48&amp;apos;, os.name: &amp;apos;Windows 10&amp;apos;, os.arch: &amp;apos;amd64&amp;apos;, os.version: &amp;apos;10.0&amp;apos;, java.version: &amp;apos;17.0.6&amp;apos;
Driver info: org.openqa.selenium.chrome.ChromeDriver
Capabilities {acceptInsecureCerts: false, browserName: chrome, browserVersion: 119.0.6045.160, chrome: {chromedriverVersion: 119.0.6045.105 (38c72552c5e..., userDataDir: C:\Users\ADEMOL~1.OYE\AppDa...}, fedcm:accounts: true, goog:chromeOptions: {debuggerAddress: localhost:64353}, javascriptEnabled: true, networkConnectionEnabled: false, pageLoadStrategy: normal, platform: WINDOWS, platformName: WINDOWS, proxy: Proxy(), setWindowRect: true, strictFileInteractability: false, timeouts: {implicit: 0, pageLoad: 300000, script: 30000}, unhandledPromptBehavior: dismiss and notify, webauthn:extension:credBlob: true, webauthn:extension:largeBlob: true, webauthn:extension:minPinLength: true, webauthn:extension:prf: true, webauthn:virtualAuthenticators: true}
Session ID: 33eddebde34727c1f6ad1ecf228d67b0">
      <![CDATA[org.openqa.selenium.WebDriverException: unknown error: net::ERR_INTERNET_DISCONNECTED
  (Session info: chrome=119.0.6045.160)
Build info: version: '3.141.59', revision: 'e82be7d358', time: '2018-11-14T08:17:03'
System info: host: 'ISW-230323-1218', ip: '192.168.1.48', os.name: 'Windows 10', os.arch: 'amd64', os.version: '10.0', java.version: '17.0.6'
Driver info: org.openqa.selenium.chrome.ChromeDriver
Capabilities {acceptInsecureCerts: false, browserName: chrome, browserVersion: 119.0.6045.160, chrome: {chromedriverVersion: 119.0.6045.105 (38c72552c5e..., userDataDir: C:\Users\ADEMOL~1.OYE\AppDa...}, fedcm:accounts: true, goog:chromeOptions: {debuggerAddress: localhost:64353}, javascriptEnabled: true, networkConnectionEnabled: false, pageLoadStrategy: normal, platform: WINDOWS, platformName: WINDOWS, proxy: Proxy(), setWindowRect: true, strictFileInteractability: false, timeouts: {implicit: 0, pageLoad: 300000, script: 30000}, unhandledPromptBehavior: dismiss and notify, webauthn:extension:credBlob: true, webauthn:extension:largeBlob: true, webauthn:extension:minPinLength: true, webauthn:extension:prf: true, webauthn:virtualAuthenticators: true}
Session ID: 33eddebde34727c1f6ad1ecf228d67b0
at org.openqa.selenium.remote.http.W3CHttpResponseCodec.createException(W3CHttpResponseCodec.java:187)
at org.openqa.selenium.remote.http.W3CHttpResponseCodec.decode(W3CHttpResponseCodec.java:122)
at org.openqa.selenium.remote.http.W3CHttpResponseCodec.decode(W3CHttpResponseCodec.java:49)
at org.openqa.selenium.remote.HttpCommandExecutor.execute(HttpCommandExecutor.java:158)
at org.openqa.selenium.remote.service.DriverCommandExecutor.execute(DriverCommandExecutor.java:83)
at org.openqa.selenium.remote.RemoteWebDriver.execute(RemoteWebDriver.java:552)
at org.openqa.selenium.remote.RemoteWebDriver.get(RemoteWebDriver.java:277)
at com.rebirthQuickteller.base.TestBase.setUp(TestBase.java:119)
... Removed 34 stack frames]]>
    </failure>
  </testcase> <!-- @BeforeClass setUp -->
  <testcase classname="com.rebirthQuickteller.base.TestBase" name="@AfterClass terminateSession" time="0.0">
    <skipped/>
  </testcase> <!-- @AfterClass terminateSession -->
  <testcase classname="com.rebirthQuickteller.TestCases.DataRecharge" name="InvalidphoneNumberAirtimeRecharge" time="0.0">
    <skipped/>
  </testcase> <!-- InvalidphoneNumberAirtimeRecharge -->
  <testcase classname="com.rebirthQuickteller.TestCases.DataRecharge" name="QTAccountAirtimeRechargeWithInvalidTransactionPin" time="0.0">
    <skipped/>
  </testcase> <!-- QTAccountAirtimeRechargeWithInvalidTransactionPin -->
  <testcase classname="com.rebirthQuickteller.TestCases.DataRecharge" name="InsufficentQTAccountDataRecharge" time="0.0">
    <skipped/>
  </testcase> <!-- InsufficentQTAccountDataRecharge -->
  <testcase classname="com.rebirthQuickteller.TestCases.DataRecharge" name="InsufficientOneTouchSelfRecharge" time="0.0">
    <skipped/>
  </testcase> <!-- InsufficientOneTouchSelfRecharge -->
</testsuite> <!-- DataRecharge -->
