<?xml version="1.0" encoding="UTF-8"?>
<!-- Generated by org.testng.reporters.JUnitXMLReporter -->
<testsuite ignored="0" hostname="ISW-230323-1218" failures="0" tests="14" name="Validate Login" time="90.558" errors="0" timestamp="06 Dec 2023 10:52:01 GMT">
  <testcase classname="com.rebirthQuickteller.TestCases.ValidateLogin" name="LoginWithInvalidEmailInput" time="1.243"/>
  <testcase classname="com.rebirthQuickteller.TestCases.ValidateLogin" name="LoginWithUnregisteredEmail" time="2.733"/>
  <testcase classname="com.rebirthQuickteller.TestCases.ValidateLogin" name="EmailLoginWithEmptyEmailAddressField" time="0.997"/>
  <testcase classname="com.rebirthQuickteller.TestCases.ValidateLogin" name="EmailLoginWithEmptyPasswordField" time="1.066"/>
  <testcase classname="com.rebirthQuickteller.TestCases.ValidateLogin" name="EmailLoginwithInvalidPassword" time="6.921"/>
  <testcase classname="com.rebirthQuickteller.TestCases.ValidateLogin" name="EmailLoginwithValidcredentials" time="6.826"/>
  <testcase classname="com.rebirthQuickteller.TestCases.ValidateLogin" name="ValidateEmailLoginWithRememberMe" time="15.19"/>
  <testcase classname="com.rebirthQuickteller.TestCases.ValidateLogin" name="LoginWithInvalidPhoneNumberInput" time="0.904"/>
  <testcase classname="com.rebirthQuickteller.TestCases.ValidateLogin" name="LoginWithUnRegisteredPhonenumber" time="4.706"/>
  <testcase classname="com.rebirthQuickteller.TestCases.ValidateLogin" name="LoginWithEmptyPhonenumberField" time="1.12"/>
  <testcase classname="com.rebirthQuickteller.TestCases.ValidateLogin" name="phoneNumberLoginWithEmptyPasswordField" time="0.98"/>
  <testcase classname="com.rebirthQuickteller.TestCases.ValidateLogin" name="PhoneNumberLoginWithInvalidPassword" time="6.449"/>
  <testcase classname="com.rebirthQuickteller.TestCases.ValidateLogin" name="PhoneNumberLoginWithValidCredentials" time="8.842"/>
  <testcase classname="com.rebirthQuickteller.TestCases.ValidateLogin" name="ValidatePhonenumberLoginWithRememberMe" time="17.062"/>
</testsuite> <!-- Validate Login -->
