<?xml version="1.0" encoding="UTF-8"?>
<!-- Generated by org.testng.reporters.JUnitXMLReporter -->
<testsuite ignored="0" hostname="ISW-230323-1218" failures="0" tests="3" name="Validate Login with Email" time="68.109" errors="0" timestamp="07 Apr 2023 07:36:23 GMT">
  <testcase classname="com.rebirthQuickteller.TestCases.ValidateLoginWithPhoneNumber" name="WrongPhonenumber_ValidPassword_phoneNumberLoginTest" time="14.681"/>
  <testcase classname="com.rebirthQuickteller.TestCases.ValidateLoginWithPhoneNumber" name="ValidPhonenumber_WrongPassword_phoneNumberLoginTest" time="14.512"/>
  <testcase classname="com.rebirthQuickteller.TestCases.ValidateLoginWithPhoneNumber" name="ValidCredential_phoneNumberLoginTest" time="13.348"/>
</testsuite> <!-- Validate Login with Email -->
