<?xml version="1.0" encoding="UTF-8"?>
<!-- Generated by org.testng.reporters.JUnitXMLReporter -->
<testsuite ignored="0" hostname="ISW-230323-1218" failures="0" tests="3" name="Validate Login with Email" time="59.626" errors="0" timestamp="06 Apr 2023 12:04:28 GMT">
  <testcase classname="com.rebirthQuickteller.TestCases.ValidateLoginWithPhoneNumber" name="Check1" time="15.07"/>
  <testcase classname="com.rebirthQuickteller.TestCases.ValidateLoginWithPhoneNumber" name="Check2" time="17.996"/>
  <testcase classname="com.rebirthQuickteller.TestCases.ValidateLoginWithPhoneNumber" name="SignInPhonenumber" time="13.596"/>
</testsuite> <!-- Validate Login with Email -->
