<?xml version="1.0" encoding="UTF-8"?>
<!-- Generated by org.testng.reporters.JUnitXMLReporter -->
<testsuite ignored="0" hostname="ISW-230323-1218" failures="1" tests="3" name="NerveTest2" time="48.76" errors="0" timestamp="06 Apr 2023 12:01:07 GMT">
  <testcase classname="com.rebirthQuickteller.TestCases.ValidateLoginWithEmail" name="check1" time="13.097"/>
  <testcase classname="com.rebirthQuickteller.TestCases.ValidateLoginWithEmail" name="check2" time="11.086">
    <failure type="java.lang.AssertionError" message="expected [Incorrect password. 3 attempts remaining.] but found [Incorrect password. 2 attempts remaining.]">
      <![CDATA[java.lang.AssertionError: expected [Incorrect password. 3 attempts remaining.] but found [Incorrect password. 2 attempts remaining.]
at com.rebirthQuickteller.TestCases.ValidateLoginWithEmail.check2(ValidateLoginWithEmail.java:101)
... Removed 34 stack frames]]>
    </failure>
  </testcase> <!-- check2 -->
  <testcase classname="com.rebirthQuickteller.TestCases.ValidateLoginWithEmail" name="SigninEmail" time="12.509"/>
</testsuite> <!-- NerveTest2 -->
