<?xml version="1.0" encoding="UTF-8"?>
<!-- Generated by org.testng.reporters.JUnitXMLReporter -->
<testsuite ignored="0" hostname="ISW-230323-1218" failures="0" tests="3" name="NerveTest" time="52.525" errors="0" timestamp="06 Apr 2023 12:00:18 GMT">
  <testcase classname="com.rebirthQuickteller.TestCases.ValidateLoginWithPhoneNumber" name="Check1" time="15.186"/>
  <testcase classname="com.rebirthQuickteller.TestCases.ValidateLoginWithPhoneNumber" name="Check2" time="15.203"/>
  <testcase classname="com.rebirthQuickteller.TestCases.ValidateLoginWithPhoneNumber" name="SignInPhonenumber" time="13.615"/>
</testsuite> <!-- NerveTest -->
